{"C:\\dev\\GIT\\x-imperium\\src\\lib\\combat\\effectiveness.ts": {"path":"C:\\dev\\GIT\\x-imperium\\src\\lib\\combat\\effectiveness.ts","statementMap":{"0":{"start":{"line":33,"column":36},"end":{"line":38,"column":null}},"1":{"start":{"line":53,"column":87},"end":{"line":96,"column":null}},"2":{"start":{"line":99,"column":74},"end":{"line":105,"column":null}},"3":{"start":{"line":124,"column":28},"end":{"line":124,"column":null}},"4":{"start":{"line":127,"column":2},"end":{"line":129,"column":null}},"5":{"start":{"line":128,"column":4},"end":{"line":128,"column":null}},"6":{"start":{"line":131,"column":2},"end":{"line":131,"column":null}},"7":{"start":{"line":142,"column":2},"end":{"line":142,"column":null}},"8":{"start":{"line":152,"column":34},"end":{"line":152,"column":null}},"9":{"start":{"line":153,"column":2},"end":{"line":157,"column":null}},"10":{"start":{"line":154,"column":4},"end":{"line":156,"column":null}},"11":{"start":{"line":155,"column":6},"end":{"line":155,"column":null}},"12":{"start":{"line":158,"column":2},"end":{"line":158,"column":null}},"13":{"start":{"line":169,"column":24},"end":{"line":169,"column":null}},"14":{"start":{"line":170,"column":37},"end":{"line":170,"column":null}},"15":{"start":{"line":171,"column":17},"end":{"line":171,"column":null}},"16":{"start":{"line":173,"column":2},"end":{"line":178,"column":null}},"17":{"start":{"line":174,"column":4},"end":{"line":177,"column":null}},"18":{"start":{"line":175,"column":6},"end":{"line":175,"column":null}},"19":{"start":{"line":176,"column":6},"end":{"line":176,"column":null}},"20":{"start":{"line":180,"column":2},"end":{"line":180,"column":null}},"21":{"start":{"line":201,"column":24},"end":{"line":201,"column":null}},"22":{"start":{"line":202,"column":2},"end":{"line":202,"column":null}},"23":{"start":{"line":216,"column":24},"end":{"line":216,"column":null}},"24":{"start":{"line":218,"column":2},"end":{"line":238,"column":null}},"25":{"start":{"line":220,"column":6},"end":{"line":220,"column":null}},"26":{"start":{"line":220,"column":30},"end":{"line":220,"column":null}},"27":{"start":{"line":221,"column":6},"end":{"line":221,"column":null}},"28":{"start":{"line":221,"column":32},"end":{"line":221,"column":null}},"29":{"start":{"line":222,"column":6},"end":{"line":222,"column":null}},"30":{"start":{"line":224,"column":6},"end":{"line":224,"column":null}},"31":{"start":{"line":224,"column":31},"end":{"line":224,"column":null}},"32":{"start":{"line":225,"column":6},"end":{"line":225,"column":null}},"33":{"start":{"line":227,"column":6},"end":{"line":227,"column":null}},"34":{"start":{"line":227,"column":31},"end":{"line":227,"column":null}},"35":{"start":{"line":228,"column":6},"end":{"line":228,"column":null}},"36":{"start":{"line":230,"column":6},"end":{"line":230,"column":null}},"37":{"start":{"line":230,"column":29},"end":{"line":230,"column":null}},"38":{"start":{"line":231,"column":6},"end":{"line":231,"column":null}},"39":{"start":{"line":231,"column":31},"end":{"line":231,"column":null}},"40":{"start":{"line":232,"column":6},"end":{"line":232,"column":null}},"41":{"start":{"line":234,"column":6},"end":{"line":234,"column":null}},"42":{"start":{"line":234,"column":29},"end":{"line":234,"column":null}},"43":{"start":{"line":235,"column":6},"end":{"line":235,"column":null}},"44":{"start":{"line":237,"column":6},"end":{"line":237,"column":null}},"45":{"start":{"line":240,"column":2},"end":{"line":242,"column":null}},"46":{"start":{"line":241,"column":4},"end":{"line":241,"column":null}},"47":{"start":{"line":244,"column":2},"end":{"line":244,"column":null}}},"fnMap":{"0":{"name":"getUnitEffectiveness","decl":{"start":{"line":119,"column":16},"end":{"line":119,"column":null}},"loc":{"start":{"line":123,"column":10},"end":{"line":132,"column":null}},"line":123},"1":{"name":"canParticipate","decl":{"start":{"line":141,"column":16},"end":{"line":141,"column":31}},"loc":{"start":{"line":141,"column":86},"end":{"line":143,"column":null}},"line":141},"2":{"name":"getParticipatingUnits","decl":{"start":{"line":151,"column":16},"end":{"line":151,"column":38}},"loc":{"start":{"line":151,"column":76},"end":{"line":159,"column":null}},"line":151},"3":{"name":"getPrimaryPhase","decl":{"start":{"line":168,"column":16},"end":{"line":168,"column":32}},"loc":{"start":{"line":168,"column":78},"end":{"line":181,"column":null}},"line":168},"4":{"name":"calculatePhaseEffectivePower","decl":{"start":{"line":194,"column":16},"end":{"line":194,"column":null}},"loc":{"start":{"line":200,"column":10},"end":{"line":203,"column":null}},"line":200},"5":{"name":"getPhaseRoleDescription","decl":{"start":{"line":212,"column":16},"end":{"line":212,"column":null}},"loc":{"start":{"line":215,"column":10},"end":{"line":245,"column":null}},"line":215}},"branchMap":{"0":{"loc":{"start":{"line":122,"column":2},"end":{"line":122,"column":null}},"type":"default-arg","locations":[{"start":{"line":122,"column":24},"end":{"line":122,"column":null}}],"line":122},"1":{"loc":{"start":{"line":127,"column":2},"end":{"line":129,"column":null}},"type":"if","locations":[{"start":{"line":127,"column":2},"end":{"line":129,"column":null}},{"start":{},"end":{}}],"line":127},"2":{"loc":{"start":{"line":127,"column":6},"end":{"line":127,"column":68}},"type":"binary-expr","locations":[{"start":{"line":127,"column":6},"end":{"line":127,"column":33}},{"start":{"line":127,"column":33},"end":{"line":127,"column":47}},{"start":{"line":127,"column":47},"end":{"line":127,"column":68}}],"line":127},"3":{"loc":{"start":{"line":154,"column":4},"end":{"line":156,"column":null}},"type":"if","locations":[{"start":{"line":154,"column":4},"end":{"line":156,"column":null}},{"start":{},"end":{}}],"line":154},"4":{"loc":{"start":{"line":174,"column":4},"end":{"line":177,"column":null}},"type":"if","locations":[{"start":{"line":174,"column":4},"end":{"line":177,"column":null}},{"start":{},"end":{}}],"line":174},"5":{"loc":{"start":{"line":199,"column":2},"end":{"line":199,"column":null}},"type":"default-arg","locations":[{"start":{"line":199,"column":24},"end":{"line":199,"column":null}}],"line":199},"6":{"loc":{"start":{"line":218,"column":2},"end":{"line":238,"column":null}},"type":"switch","locations":[{"start":{"line":219,"column":4},"end":{"line":222,"column":null}},{"start":{"line":223,"column":4},"end":{"line":225,"column":null}},{"start":{"line":226,"column":4},"end":{"line":228,"column":null}},{"start":{"line":229,"column":4},"end":{"line":232,"column":null}},{"start":{"line":233,"column":4},"end":{"line":235,"column":null}},{"start":{"line":236,"column":4},"end":{"line":237,"column":null}}],"line":218},"7":{"loc":{"start":{"line":220,"column":6},"end":{"line":220,"column":null}},"type":"if","locations":[{"start":{"line":220,"column":6},"end":{"line":220,"column":null}},{"start":{},"end":{}}],"line":220},"8":{"loc":{"start":{"line":221,"column":6},"end":{"line":221,"column":null}},"type":"if","locations":[{"start":{"line":221,"column":6},"end":{"line":221,"column":null}},{"start":{},"end":{}}],"line":221},"9":{"loc":{"start":{"line":224,"column":6},"end":{"line":224,"column":null}},"type":"if","locations":[{"start":{"line":224,"column":6},"end":{"line":224,"column":null}},{"start":{},"end":{}}],"line":224},"10":{"loc":{"start":{"line":227,"column":6},"end":{"line":227,"column":null}},"type":"if","locations":[{"start":{"line":227,"column":6},"end":{"line":227,"column":null}},{"start":{},"end":{}}],"line":227},"11":{"loc":{"start":{"line":230,"column":6},"end":{"line":230,"column":null}},"type":"if","locations":[{"start":{"line":230,"column":6},"end":{"line":230,"column":null}},{"start":{},"end":{}}],"line":230},"12":{"loc":{"start":{"line":231,"column":6},"end":{"line":231,"column":null}},"type":"if","locations":[{"start":{"line":231,"column":6},"end":{"line":231,"column":null}},{"start":{},"end":{}}],"line":231},"13":{"loc":{"start":{"line":234,"column":6},"end":{"line":234,"column":null}},"type":"if","locations":[{"start":{"line":234,"column":6},"end":{"line":234,"column":null}},{"start":{},"end":{}}],"line":234},"14":{"loc":{"start":{"line":240,"column":2},"end":{"line":242,"column":null}},"type":"if","locations":[{"start":{"line":240,"column":2},"end":{"line":242,"column":null}},{"start":{},"end":{}}],"line":240}},"s":{"0":2,"1":2,"2":2,"3":394,"4":394,"5":12,"6":382,"7":6,"8":3,"9":3,"10":18,"11":10,"12":3,"13":6,"14":6,"15":6,"16":6,"17":30,"18":7,"19":7,"20":6,"21":0,"22":0,"23":0,"24":0,"25":0,"26":0,"27":0,"28":0,"29":0,"30":0,"31":0,"32":0,"33":0,"34":0,"35":0,"36":0,"37":0,"38":0,"39":0,"40":0,"41":0,"42":0,"43":0,"44":0,"45":0,"46":0,"47":0},"f":{"0":394,"1":6,"2":3,"3":6,"4":0,"5":0},"b":{"0":[394],"1":[12,382],"2":[394,67,31],"3":[10,8],"4":[7,23],"5":[0],"6":[0,0,0,0,0,0],"7":[0,0],"8":[0,0],"9":[0,0],"10":[0,0],"11":[0,0],"12":[0,0],"13":[0,0],"14":[0,0]},"meta":{"lastBranch":15,"lastFunction":6,"lastStatement":48,"seen":{"s:33:36:38:Infinity":0,"s:53:87:96:Infinity":1,"s:99:74:105:Infinity":2,"f:119:16:119:Infinity":0,"b:122:24:122:Infinity":0,"s:124:28:124:Infinity":3,"b:127:2:129:Infinity:undefined:undefined:undefined:undefined":1,"s:127:2:129:Infinity":4,"b:127:6:127:33:127:33:127:47:127:47:127:68":2,"s:128:4:128:Infinity":5,"s:131:2:131:Infinity":6,"f:141:16:141:31":1,"s:142:2:142:Infinity":7,"f:151:16:151:38":2,"s:152:34:152:Infinity":8,"s:153:2:157:Infinity":9,"b:154:4:156:Infinity:undefined:undefined:undefined:undefined":3,"s:154:4:156:Infinity":10,"s:155:6:155:Infinity":11,"s:158:2:158:Infinity":12,"f:168:16:168:32":3,"s:169:24:169:Infinity":13,"s:170:37:170:Infinity":14,"s:171:17:171:Infinity":15,"s:173:2:178:Infinity":16,"b:174:4:177:Infinity:undefined:undefined:undefined:undefined":4,"s:174:4:177:Infinity":17,"s:175:6:175:Infinity":18,"s:176:6:176:Infinity":19,"s:180:2:180:Infinity":20,"f:194:16:194:Infinity":4,"b:199:24:199:Infinity":5,"s:201:24:201:Infinity":21,"s:202:2:202:Infinity":22,"f:212:16:212:Infinity":5,"s:216:24:216:Infinity":23,"b:219:4:222:Infinity:223:4:225:Infinity:226:4:228:Infinity:229:4:232:Infinity:233:4:235:Infinity:236:4:237:Infinity":6,"s:218:2:238:Infinity":24,"b:220:6:220:Infinity:undefined:undefined:undefined:undefined":7,"s:220:6:220:Infinity":25,"s:220:30:220:Infinity":26,"b:221:6:221:Infinity:undefined:undefined:undefined:undefined":8,"s:221:6:221:Infinity":27,"s:221:32:221:Infinity":28,"s:222:6:222:Infinity":29,"b:224:6:224:Infinity:undefined:undefined:undefined:undefined":9,"s:224:6:224:Infinity":30,"s:224:31:224:Infinity":31,"s:225:6:225:Infinity":32,"b:227:6:227:Infinity:undefined:undefined:undefined:undefined":10,"s:227:6:227:Infinity":33,"s:227:31:227:Infinity":34,"s:228:6:228:Infinity":35,"b:230:6:230:Infinity:undefined:undefined:undefined:undefined":11,"s:230:6:230:Infinity":36,"s:230:29:230:Infinity":37,"b:231:6:231:Infinity:undefined:undefined:undefined:undefined":12,"s:231:6:231:Infinity":38,"s:231:31:231:Infinity":39,"s:232:6:232:Infinity":40,"b:234:6:234:Infinity:undefined:undefined:undefined:undefined":13,"s:234:6:234:Infinity":41,"s:234:29:234:Infinity":42,"s:235:6:235:Infinity":43,"s:237:6:237:Infinity":44,"b:240:2:242:Infinity:undefined:undefined:undefined:undefined":14,"s:240:2:242:Infinity":45,"s:241:4:241:Infinity":46,"s:244:2:244:Infinity":47}}}
,"C:\\dev\\GIT\\x-imperium\\src\\lib\\combat\\phases.ts": {"path":"C:\\dev\\GIT\\x-imperium\\src\\lib\\combat\\phases.ts","statementMap":{"0":{"start":{"line":96,"column":42},"end":{"line":96,"column":null}},"1":{"start":{"line":97,"column":42},"end":{"line":97,"column":null}},"2":{"start":{"line":100,"column":36},"end":{"line":100,"column":null}},"3":{"start":{"line":103,"column":39},"end":{"line":103,"column":null}},"4":{"start":{"line":114,"column":29},"end":{"line":114,"column":null}},"5":{"start":{"line":117,"column":28},"end":{"line":117,"column":null}},"6":{"start":{"line":120,"column":28},"end":{"line":120,"column":null}},"7":{"start":{"line":123,"column":23},"end":{"line":123,"column":null}},"8":{"start":{"line":125,"column":14},"end":{"line":125,"column":null}},"9":{"start":{"line":128,"column":2},"end":{"line":130,"column":null}},"10":{"start":{"line":129,"column":4},"end":{"line":129,"column":null}},"11":{"start":{"line":132,"column":2},"end":{"line":132,"column":null}},"12":{"start":{"line":140,"column":29},"end":{"line":140,"column":null}},"13":{"start":{"line":143,"column":23},"end":{"line":143,"column":null}},"14":{"start":{"line":146,"column":23},"end":{"line":146,"column":null}},"15":{"start":{"line":149,"column":28},"end":{"line":149,"column":null}},"16":{"start":{"line":152,"column":28},"end":{"line":152,"column":null}},"17":{"start":{"line":154,"column":14},"end":{"line":154,"column":null}},"18":{"start":{"line":157,"column":2},"end":{"line":159,"column":null}},"19":{"start":{"line":158,"column":4},"end":{"line":158,"column":null}},"20":{"start":{"line":161,"column":2},"end":{"line":161,"column":null}},"21":{"start":{"line":169,"column":29},"end":{"line":169,"column":null}},"22":{"start":{"line":172,"column":23},"end":{"line":172,"column":null}},"23":{"start":{"line":175,"column":23},"end":{"line":175,"column":null}},"24":{"start":{"line":178,"column":23},"end":{"line":178,"column":null}},"25":{"start":{"line":180,"column":14},"end":{"line":180,"column":null}},"26":{"start":{"line":183,"column":2},"end":{"line":185,"column":null}},"27":{"start":{"line":184,"column":4},"end":{"line":184,"column":null}},"28":{"start":{"line":187,"column":2},"end":{"line":187,"column":null}},"29":{"start":{"line":206,"column":8},"end":{"line":206,"column":null}},"30":{"start":{"line":207,"column":8},"end":{"line":207,"column":null}},"31":{"start":{"line":209,"column":38},"end":{"line":209,"column":null}},"32":{"start":{"line":212,"column":38},"end":{"line":212,"column":null}},"33":{"start":{"line":214,"column":2},"end":{"line":221,"column":null}},"34":{"start":{"line":215,"column":10},"end":{"line":215,"column":null}},"35":{"start":{"line":216,"column":4},"end":{"line":220,"column":null}},"36":{"start":{"line":218,"column":31},"end":{"line":218,"column":null}},"37":{"start":{"line":219,"column":6},"end":{"line":219,"column":null}},"38":{"start":{"line":223,"column":2},"end":{"line":223,"column":null}},"39":{"start":{"line":230,"column":2},"end":{"line":237,"column":null}},"40":{"start":{"line":253,"column":24},"end":{"line":253,"column":null}},"41":{"start":{"line":254,"column":24},"end":{"line":254,"column":null}},"42":{"start":{"line":257,"column":21},"end":{"line":257,"column":null}},"43":{"start":{"line":260,"column":2},"end":{"line":266,"column":null}},"44":{"start":{"line":261,"column":4},"end":{"line":261,"column":null}},"45":{"start":{"line":262,"column":2},"end":{"line":266,"column":null}},"46":{"start":{"line":263,"column":4},"end":{"line":263,"column":null}},"47":{"start":{"line":265,"column":4},"end":{"line":265,"column":null}},"48":{"start":{"line":269,"column":29},"end":{"line":276,"column":null}},"49":{"start":{"line":278,"column":29},"end":{"line":285,"column":null}},"50":{"start":{"line":287,"column":28},"end":{"line":287,"column":null}},"51":{"start":{"line":288,"column":28},"end":{"line":288,"column":null}},"52":{"start":{"line":290,"column":2},"end":{"line":303,"column":null}},"53":{"start":{"line":315,"column":24},"end":{"line":315,"column":null}},"54":{"start":{"line":316,"column":24},"end":{"line":316,"column":null}},"55":{"start":{"line":318,"column":21},"end":{"line":318,"column":null}},"56":{"start":{"line":321,"column":2},"end":{"line":327,"column":null}},"57":{"start":{"line":322,"column":4},"end":{"line":322,"column":null}},"58":{"start":{"line":323,"column":2},"end":{"line":327,"column":null}},"59":{"start":{"line":324,"column":4},"end":{"line":324,"column":null}},"60":{"start":{"line":326,"column":4},"end":{"line":326,"column":null}},"61":{"start":{"line":329,"column":29},"end":{"line":336,"column":null}},"62":{"start":{"line":338,"column":29},"end":{"line":345,"column":null}},"63":{"start":{"line":347,"column":28},"end":{"line":347,"column":null}},"64":{"start":{"line":348,"column":28},"end":{"line":348,"column":null}},"65":{"start":{"line":350,"column":2},"end":{"line":363,"column":null}},"66":{"start":{"line":375,"column":24},"end":{"line":375,"column":null}},"67":{"start":{"line":376,"column":24},"end":{"line":376,"column":null}},"68":{"start":{"line":378,"column":21},"end":{"line":378,"column":null}},"69":{"start":{"line":381,"column":2},"end":{"line":387,"column":null}},"70":{"start":{"line":382,"column":4},"end":{"line":382,"column":null}},"71":{"start":{"line":383,"column":2},"end":{"line":387,"column":null}},"72":{"start":{"line":384,"column":4},"end":{"line":384,"column":null}},"73":{"start":{"line":386,"column":4},"end":{"line":386,"column":null}},"74":{"start":{"line":389,"column":29},"end":{"line":396,"column":null}},"75":{"start":{"line":398,"column":29},"end":{"line":405,"column":null}},"76":{"start":{"line":407,"column":28},"end":{"line":407,"column":null}},"77":{"start":{"line":408,"column":28},"end":{"line":408,"column":null}},"78":{"start":{"line":410,"column":2},"end":{"line":423,"column":null}},"79":{"start":{"line":445,"column":32},"end":{"line":445,"column":null}},"80":{"start":{"line":446,"column":30},"end":{"line":446,"column":null}},"81":{"start":{"line":447,"column":30},"end":{"line":447,"column":null}},"82":{"start":{"line":450,"column":35},"end":{"line":450,"column":null}},"83":{"start":{"line":451,"column":2},"end":{"line":454,"column":null}},"84":{"start":{"line":453,"column":4},"end":{"line":453,"column":null}},"85":{"start":{"line":457,"column":22},"end":{"line":457,"column":null}},"86":{"start":{"line":458,"column":2},"end":{"line":458,"column":null}},"87":{"start":{"line":459,"column":2},"end":{"line":459,"column":null}},"88":{"start":{"line":460,"column":2},"end":{"line":460,"column":null}},"89":{"start":{"line":463,"column":2},"end":{"line":465,"column":null}},"90":{"start":{"line":464,"column":4},"end":{"line":464,"column":null}},"91":{"start":{"line":468,"column":24},"end":{"line":468,"column":null}},"92":{"start":{"line":469,"column":2},"end":{"line":469,"column":null}},"93":{"start":{"line":470,"column":2},"end":{"line":470,"column":null}},"94":{"start":{"line":471,"column":2},"end":{"line":471,"column":null}},"95":{"start":{"line":474,"column":2},"end":{"line":476,"column":null}},"96":{"start":{"line":475,"column":4},"end":{"line":475,"column":null}},"97":{"start":{"line":479,"column":23},"end":{"line":479,"column":null}},"98":{"start":{"line":480,"column":2},"end":{"line":480,"column":null}},"99":{"start":{"line":484,"column":24},"end":{"line":484,"column":null}},"100":{"start":{"line":486,"column":2},"end":{"line":496,"column":null}},"101":{"start":{"line":487,"column":4},"end":{"line":487,"column":null}},"102":{"start":{"line":489,"column":27},"end":{"line":490,"column":null}},"103":{"start":{"line":491,"column":4},"end":{"line":491,"column":null}},"104":{"start":{"line":492,"column":2},"end":{"line":496,"column":null}},"105":{"start":{"line":493,"column":4},"end":{"line":493,"column":null}},"106":{"start":{"line":495,"column":4},"end":{"line":495,"column":null}},"107":{"start":{"line":498,"column":2},"end":{"line":498,"column":null}},"108":{"start":{"line":509,"column":33},"end":{"line":516,"column":null}},"109":{"start":{"line":518,"column":24},"end":{"line":518,"column":null}},"110":{"start":{"line":519,"column":24},"end":{"line":519,"column":null}},"111":{"start":{"line":521,"column":8},"end":{"line":521,"column":null}},"112":{"start":{"line":522,"column":8},"end":{"line":522,"column":null}},"113":{"start":{"line":524,"column":8},"end":{"line":524,"column":null}},"114":{"start":{"line":525,"column":8},"end":{"line":525,"column":null}},"115":{"start":{"line":527,"column":17},"end":{"line":527,"column":null}},"116":{"start":{"line":529,"column":35},"end":{"line":542,"column":null}},"117":{"start":{"line":544,"column":18},"end":{"line":544,"column":null}},"118":{"start":{"line":546,"column":2},"end":{"line":546,"column":null}},"119":{"start":{"line":553,"column":29},"end":{"line":560,"column":null}},"120":{"start":{"line":562,"column":38},"end":{"line":571,"column":null}},"121":{"start":{"line":573,"column":2},"end":{"line":573,"column":null}},"122":{"start":{"line":581,"column":2},"end":{"line":588,"column":null}},"123":{"start":{"line":592,"column":16},"end":{"line":592,"column":null}},"124":{"start":{"line":594,"column":2},"end":{"line":602,"column":null}},"125":{"start":{"line":595,"column":23},"end":{"line":595,"column":null}},"126":{"start":{"line":596,"column":4},"end":{"line":596,"column":null}},"127":{"start":{"line":597,"column":4},"end":{"line":597,"column":null}},"128":{"start":{"line":598,"column":4},"end":{"line":598,"column":null}},"129":{"start":{"line":599,"column":4},"end":{"line":599,"column":null}},"130":{"start":{"line":600,"column":4},"end":{"line":600,"column":null}},"131":{"start":{"line":601,"column":4},"end":{"line":601,"column":null}},"132":{"start":{"line":604,"column":2},"end":{"line":604,"column":null}},"133":{"start":{"line":613,"column":34},"end":{"line":613,"column":null}},"134":{"start":{"line":614,"column":34},"end":{"line":614,"column":null}},"135":{"start":{"line":620,"column":2},"end":{"line":629,"column":null}},"136":{"start":{"line":621,"column":4},"end":{"line":621,"column":null}},"137":{"start":{"line":622,"column":4},"end":{"line":622,"column":null}},"138":{"start":{"line":623,"column":2},"end":{"line":629,"column":null}},"139":{"start":{"line":624,"column":4},"end":{"line":624,"column":null}},"140":{"start":{"line":625,"column":4},"end":{"line":625,"column":null}},"141":{"start":{"line":627,"column":4},"end":{"line":627,"column":null}},"142":{"start":{"line":628,"column":4},"end":{"line":628,"column":null}},"143":{"start":{"line":631,"column":8},"end":{"line":631,"column":null}},"144":{"start":{"line":632,"column":8},"end":{"line":632,"column":null}},"145":{"start":{"line":635,"column":18},"end":{"line":635,"column":null}},"146":{"start":{"line":637,"column":2},"end":{"line":646,"column":null}},"147":{"start":{"line":655,"column":50},"end":{"line":661,"column":null}},"148":{"start":{"line":663,"column":16},"end":{"line":663,"column":null}},"149":{"start":{"line":665,"column":2},"end":{"line":671,"column":null}},"150":{"start":{"line":666,"column":4},"end":{"line":666,"column":null}},"151":{"start":{"line":667,"column":2},"end":{"line":671,"column":null}},"152":{"start":{"line":668,"column":4},"end":{"line":668,"column":null}},"153":{"start":{"line":670,"column":4},"end":{"line":670,"column":null}},"154":{"start":{"line":679,"column":2},"end":{"line":691,"column":null}},"155":{"start":{"line":681,"column":6},"end":{"line":681,"column":null}},"156":{"start":{"line":683,"column":26},"end":{"line":683,"column":null}},"157":{"start":{"line":683,"column":43},"end":{"line":683,"column":66}},"158":{"start":{"line":684,"column":6},"end":{"line":684,"column":null}},"159":{"start":{"line":686,"column":6},"end":{"line":686,"column":null}},"160":{"start":{"line":688,"column":6},"end":{"line":688,"column":null}},"161":{"start":{"line":690,"column":6},"end":{"line":690,"column":null}}},"fnMap":{"0":{"name":"calculateSpacePhasePower","decl":{"start":{"line":113,"column":16},"end":{"line":113,"column":41}},"loc":{"start":{"line":113,"column":86},"end":{"line":133,"column":null}},"line":113},"1":{"name":"calculateOrbitalPhasePower","decl":{"start":{"line":139,"column":16},"end":{"line":139,"column":43}},"loc":{"start":{"line":139,"column":88},"end":{"line":162,"column":null}},"line":139},"2":{"name":"calculateGroundPhasePower","decl":{"start":{"line":168,"column":16},"end":{"line":168,"column":42}},"loc":{"start":{"line":168,"column":87},"end":{"line":188,"column":null}},"line":168},"3":{"name":"calculatePhaseCasualties","decl":{"start":{"line":198,"column":9},"end":{"line":198,"column":null}},"loc":{"start":{"line":205,"column":19},"end":{"line":224,"column":null}},"line":205},"4":{"name":"applyPhraseCasualties","decl":{"start":{"line":229,"column":9},"end":{"line":229,"column":31}},"loc":{"start":{"line":229,"column":84},"end":{"line":238,"column":null}},"line":229},"5":{"name":"resolveSpaceCombat","decl":{"start":{"line":248,"column":16},"end":{"line":248,"column":null}},"loc":{"start":{"line":252,"column":15},"end":{"line":304,"column":null}},"line":252},"6":{"name":"resolveOrbitalCombat","decl":{"start":{"line":310,"column":16},"end":{"line":310,"column":null}},"loc":{"start":{"line":314,"column":15},"end":{"line":364,"column":null}},"line":314},"7":{"name":"resolveGroundCombat","decl":{"start":{"line":370,"column":16},"end":{"line":370,"column":null}},"loc":{"start":{"line":374,"column":15},"end":{"line":424,"column":null}},"line":374},"8":{"name":"resolveInvasion","decl":{"start":{"line":439,"column":16},"end":{"line":439,"column":null}},"loc":{"start":{"line":444,"column":16},"end":{"line":499,"column":null}},"line":444},"9":{"name":"resolveGuerillaAttack","decl":{"start":{"line":504,"column":16},"end":{"line":504,"column":null}},"loc":{"start":{"line":508,"column":16},"end":{"line":547,"column":null}},"line":508},"10":{"name":"resolveRetreat","decl":{"start":{"line":552,"column":16},"end":{"line":552,"column":31}},"loc":{"start":{"line":552,"column":69},"end":{"line":574,"column":null}},"line":552},"11":{"name":"createEmptyForces","decl":{"start":{"line":580,"column":9},"end":{"line":580,"column":37}},"loc":{"start":{"line":580,"column":37},"end":{"line":589,"column":null}},"line":580},"12":{"name":"sumCasualties","decl":{"start":{"line":591,"column":9},"end":{"line":591,"column":23}},"loc":{"start":{"line":591,"column":85},"end":{"line":605,"column":null}},"line":591},"13":{"name":"createCombatResult","decl":{"start":{"line":607,"column":9},"end":{"line":607,"column":null}},"loc":{"start":{"line":612,"column":16},"end":{"line":647,"column":null}},"line":612},"14":{"name":"generatePhaseDescription","decl":{"start":{"line":649,"column":9},"end":{"line":649,"column":null}},"loc":{"start":{"line":654,"column":10},"end":{"line":672,"column":null}},"line":654},"15":{"name":"generateCombatSummary","decl":{"start":{"line":674,"column":9},"end":{"line":674,"column":null}},"loc":{"start":{"line":678,"column":10},"end":{"line":692,"column":null}},"line":678},"16":{"name":"(anonymous_16)","decl":{"start":{"line":683,"column":38},"end":{"line":683,"column":43}},"loc":{"start":{"line":683,"column":43},"end":{"line":683,"column":66}},"line":683}},"branchMap":{"0":{"loc":{"start":{"line":128,"column":2},"end":{"line":130,"column":null}},"type":"if","locations":[{"start":{"line":128,"column":2},"end":{"line":130,"column":null}},{"start":{},"end":{}}],"line":128},"1":{"loc":{"start":{"line":157,"column":2},"end":{"line":159,"column":null}},"type":"if","locations":[{"start":{"line":157,"column":2},"end":{"line":159,"column":null}},{"start":{},"end":{}}],"line":157},"2":{"loc":{"start":{"line":183,"column":2},"end":{"line":185,"column":null}},"type":"if","locations":[{"start":{"line":183,"column":2},"end":{"line":185,"column":null}},{"start":{},"end":{}}],"line":183},"3":{"loc":{"start":{"line":216,"column":4},"end":{"line":220,"column":null}},"type":"if","locations":[{"start":{"line":216,"column":4},"end":{"line":220,"column":null}},{"start":{},"end":{}}],"line":216},"4":{"loc":{"start":{"line":216,"column":8},"end":{"line":216,"column":51}},"type":"binary-expr","locations":[{"start":{"line":216,"column":8},"end":{"line":216,"column":29}},{"start":{"line":216,"column":29},"end":{"line":216,"column":51}}],"line":216},"5":{"loc":{"start":{"line":231,"column":45},"end":{"line":231,"column":70}},"type":"binary-expr","locations":[{"start":{"line":231,"column":45},"end":{"line":231,"column":68}},{"start":{"line":231,"column":68},"end":{"line":231,"column":70}}],"line":231},"6":{"loc":{"start":{"line":232,"column":45},"end":{"line":232,"column":70}},"type":"binary-expr","locations":[{"start":{"line":232,"column":45},"end":{"line":232,"column":68}},{"start":{"line":232,"column":68},"end":{"line":232,"column":70}}],"line":232},"7":{"loc":{"start":{"line":233,"column":45},"end":{"line":233,"column":70}},"type":"binary-expr","locations":[{"start":{"line":233,"column":45},"end":{"line":233,"column":68}},{"start":{"line":233,"column":68},"end":{"line":233,"column":70}}],"line":233},"8":{"loc":{"start":{"line":234,"column":55},"end":{"line":234,"column":85}},"type":"binary-expr","locations":[{"start":{"line":234,"column":55},"end":{"line":234,"column":83}},{"start":{"line":234,"column":83},"end":{"line":234,"column":85}}],"line":234},"9":{"loc":{"start":{"line":235,"column":55},"end":{"line":235,"column":85}},"type":"binary-expr","locations":[{"start":{"line":235,"column":55},"end":{"line":235,"column":83}},{"start":{"line":235,"column":83},"end":{"line":235,"column":85}}],"line":235},"10":{"loc":{"start":{"line":236,"column":45},"end":{"line":236,"column":70}},"type":"binary-expr","locations":[{"start":{"line":236,"column":45},"end":{"line":236,"column":68}},{"start":{"line":236,"column":68},"end":{"line":236,"column":70}}],"line":236},"11":{"loc":{"start":{"line":257,"column":21},"end":{"line":257,"column":null}},"type":"cond-expr","locations":[{"start":{"line":257,"column":41},"end":{"line":257,"column":73}},{"start":{"line":257,"column":73},"end":{"line":257,"column":null}}],"line":257},"12":{"loc":{"start":{"line":260,"column":2},"end":{"line":266,"column":null}},"type":"if","locations":[{"start":{"line":260,"column":2},"end":{"line":266,"column":null}},{"start":{"line":262,"column":2},"end":{"line":266,"column":null}}],"line":260},"13":{"loc":{"start":{"line":262,"column":2},"end":{"line":266,"column":null}},"type":"if","locations":[{"start":{"line":262,"column":2},"end":{"line":266,"column":null}},{"start":{"line":264,"column":9},"end":{"line":266,"column":null}}],"line":262},"14":{"loc":{"start":{"line":318,"column":21},"end":{"line":318,"column":null}},"type":"cond-expr","locations":[{"start":{"line":318,"column":41},"end":{"line":318,"column":73}},{"start":{"line":318,"column":73},"end":{"line":318,"column":null}}],"line":318},"15":{"loc":{"start":{"line":321,"column":2},"end":{"line":327,"column":null}},"type":"if","locations":[{"start":{"line":321,"column":2},"end":{"line":327,"column":null}},{"start":{"line":323,"column":2},"end":{"line":327,"column":null}}],"line":321},"16":{"loc":{"start":{"line":323,"column":2},"end":{"line":327,"column":null}},"type":"if","locations":[{"start":{"line":323,"column":2},"end":{"line":327,"column":null}},{"start":{"line":325,"column":9},"end":{"line":327,"column":null}}],"line":323},"17":{"loc":{"start":{"line":378,"column":21},"end":{"line":378,"column":null}},"type":"cond-expr","locations":[{"start":{"line":378,"column":41},"end":{"line":378,"column":73}},{"start":{"line":378,"column":73},"end":{"line":378,"column":null}}],"line":378},"18":{"loc":{"start":{"line":381,"column":2},"end":{"line":387,"column":null}},"type":"if","locations":[{"start":{"line":381,"column":2},"end":{"line":387,"column":null}},{"start":{"line":383,"column":2},"end":{"line":387,"column":null}}],"line":381},"19":{"loc":{"start":{"line":383,"column":2},"end":{"line":387,"column":null}},"type":"if","locations":[{"start":{"line":383,"column":2},"end":{"line":387,"column":null}},{"start":{"line":385,"column":9},"end":{"line":387,"column":null}}],"line":383},"20":{"loc":{"start":{"line":451,"column":2},"end":{"line":454,"column":null}},"type":"if","locations":[{"start":{"line":451,"column":2},"end":{"line":454,"column":null}},{"start":{},"end":{}}],"line":451},"21":{"loc":{"start":{"line":463,"column":2},"end":{"line":465,"column":null}},"type":"if","locations":[{"start":{"line":463,"column":2},"end":{"line":465,"column":null}},{"start":{},"end":{}}],"line":463},"22":{"loc":{"start":{"line":474,"column":2},"end":{"line":476,"column":null}},"type":"if","locations":[{"start":{"line":474,"column":2},"end":{"line":476,"column":null}},{"start":{},"end":{}}],"line":474},"23":{"loc":{"start":{"line":486,"column":2},"end":{"line":496,"column":null}},"type":"if","locations":[{"start":{"line":486,"column":2},"end":{"line":496,"column":null}},{"start":{"line":492,"column":2},"end":{"line":496,"column":null}}],"line":486},"24":{"loc":{"start":{"line":490,"column":7},"end":{"line":490,"column":40}},"type":"binary-expr","locations":[{"start":{"line":490,"column":7},"end":{"line":490,"column":22}},{"start":{"line":490,"column":22},"end":{"line":490,"column":40}}],"line":490},"25":{"loc":{"start":{"line":492,"column":2},"end":{"line":496,"column":null}},"type":"if","locations":[{"start":{"line":492,"column":2},"end":{"line":496,"column":null}},{"start":{"line":494,"column":9},"end":{"line":496,"column":null}}],"line":492},"26":{"loc":{"start":{"line":527,"column":17},"end":{"line":527,"column":null}},"type":"cond-expr","locations":[{"start":{"line":527,"column":49},"end":{"line":527,"column":62}},{"start":{"line":527,"column":62},"end":{"line":527,"column":null}}],"line":527},"27":{"loc":{"start":{"line":541,"column":72},"end":{"line":541,"column":131}},"type":"cond-expr","locations":[{"start":{"line":541,"column":96},"end":{"line":541,"column":115}},{"start":{"line":541,"column":115},"end":{"line":541,"column":131}}],"line":541},"28":{"loc":{"start":{"line":544,"column":18},"end":{"line":544,"column":null}},"type":"cond-expr","locations":[{"start":{"line":544,"column":42},"end":{"line":544,"column":63}},{"start":{"line":544,"column":63},"end":{"line":544,"column":null}}],"line":544},"29":{"loc":{"start":{"line":595,"column":23},"end":{"line":595,"column":null}},"type":"cond-expr","locations":[{"start":{"line":595,"column":45},"end":{"line":595,"column":72}},{"start":{"line":595,"column":72},"end":{"line":595,"column":null}}],"line":595},"30":{"loc":{"start":{"line":596,"column":22},"end":{"line":596,"column":null}},"type":"binary-expr","locations":[{"start":{"line":596,"column":22},"end":{"line":596,"column":45}},{"start":{"line":596,"column":45},"end":{"line":596,"column":null}}],"line":596},"31":{"loc":{"start":{"line":597,"column":22},"end":{"line":597,"column":null}},"type":"binary-expr","locations":[{"start":{"line":597,"column":22},"end":{"line":597,"column":45}},{"start":{"line":597,"column":45},"end":{"line":597,"column":null}}],"line":597},"32":{"loc":{"start":{"line":598,"column":22},"end":{"line":598,"column":null}},"type":"binary-expr","locations":[{"start":{"line":598,"column":22},"end":{"line":598,"column":45}},{"start":{"line":598,"column":45},"end":{"line":598,"column":null}}],"line":598},"33":{"loc":{"start":{"line":599,"column":27},"end":{"line":599,"column":null}},"type":"binary-expr","locations":[{"start":{"line":599,"column":27},"end":{"line":599,"column":55}},{"start":{"line":599,"column":55},"end":{"line":599,"column":null}}],"line":599},"34":{"loc":{"start":{"line":600,"column":27},"end":{"line":600,"column":null}},"type":"binary-expr","locations":[{"start":{"line":600,"column":27},"end":{"line":600,"column":55}},{"start":{"line":600,"column":55},"end":{"line":600,"column":null}}],"line":600},"35":{"loc":{"start":{"line":601,"column":22},"end":{"line":601,"column":null}},"type":"binary-expr","locations":[{"start":{"line":601,"column":22},"end":{"line":601,"column":45}},{"start":{"line":601,"column":45},"end":{"line":601,"column":null}}],"line":601},"36":{"loc":{"start":{"line":620,"column":2},"end":{"line":629,"column":null}},"type":"if","locations":[{"start":{"line":620,"column":2},"end":{"line":629,"column":null}},{"start":{"line":623,"column":2},"end":{"line":629,"column":null}}],"line":620},"37":{"loc":{"start":{"line":623,"column":2},"end":{"line":629,"column":null}},"type":"if","locations":[{"start":{"line":623,"column":2},"end":{"line":629,"column":null}},{"start":{"line":626,"column":9},"end":{"line":629,"column":null}}],"line":623},"38":{"loc":{"start":{"line":663,"column":16},"end":{"line":663,"column":null}},"type":"cond-expr","locations":[{"start":{"line":663,"column":32},"end":{"line":663,"column":81}},{"start":{"line":663,"column":81},"end":{"line":663,"column":null}}],"line":663},"39":{"loc":{"start":{"line":665,"column":2},"end":{"line":671,"column":null}},"type":"if","locations":[{"start":{"line":665,"column":2},"end":{"line":671,"column":null}},{"start":{"line":667,"column":2},"end":{"line":671,"column":null}}],"line":665},"40":{"loc":{"start":{"line":667,"column":2},"end":{"line":671,"column":null}},"type":"if","locations":[{"start":{"line":667,"column":2},"end":{"line":671,"column":null}},{"start":{"line":669,"column":9},"end":{"line":671,"column":null}}],"line":667},"41":{"loc":{"start":{"line":679,"column":2},"end":{"line":691,"column":null}},"type":"switch","locations":[{"start":{"line":680,"column":4},"end":{"line":681,"column":null}},{"start":{"line":682,"column":4},"end":{"line":684,"column":null}},{"start":{"line":685,"column":4},"end":{"line":686,"column":null}},{"start":{"line":687,"column":4},"end":{"line":688,"column":null}},{"start":{"line":689,"column":4},"end":{"line":690,"column":null}}],"line":679},"42":{"loc":{"start":{"line":681,"column":62},"end":{"line":681,"column":94}},"type":"cond-expr","locations":[{"start":{"line":681,"column":86},"end":{"line":681,"column":92}},{"start":{"line":681,"column":92},"end":{"line":681,"column":94}}],"line":681},"43":{"loc":{"start":{"line":684,"column":41},"end":{"line":684,"column":71}},"type":"binary-expr","locations":[{"start":{"line":684,"column":41},"end":{"line":684,"column":63}},{"start":{"line":684,"column":63},"end":{"line":684,"column":71}}],"line":684}},"s":{"0":1,"1":1,"2":1,"3":1,"4":20,"5":20,"6":20,"7":20,"8":20,"9":20,"10":9,"11":20,"12":13,"13":13,"14":13,"15":13,"16":13,"17":13,"18":13,"19":6,"20":13,"21":14,"22":14,"23":14,"24":14,"25":14,"26":14,"27":6,"28":14,"29":36,"30":36,"31":36,"32":36,"33":36,"34":216,"35":216,"36":61,"37":61,"38":36,"39":36,"40":8,"41":8,"42":8,"43":8,"44":5,"45":3,"46":3,"47":0,"48":8,"49":8,"50":8,"51":8,"52":8,"53":5,"54":5,"55":5,"56":5,"57":5,"58":0,"59":0,"60":0,"61":5,"62":5,"63":5,"64":5,"65":5,"66":5,"67":5,"68":5,"69":5,"70":5,"71":0,"72":0,"73":0,"74":5,"75":5,"76":5,"77":5,"78":5,"79":6,"80":6,"81":6,"82":6,"83":6,"84":1,"85":6,"86":6,"87":6,"88":6,"89":6,"90":2,"91":4,"92":4,"93":4,"94":4,"95":4,"96":0,"97":4,"98":4,"99":4,"100":4,"101":4,"102":4,"103":4,"104":0,"105":0,"106":0,"107":4,"108":2,"109":2,"110":2,"111":2,"112":2,"113":2,"114":2,"115":2,"116":2,"117":2,"118":2,"119":2,"120":2,"121":2,"122":18,"123":16,"124":16,"125":32,"126":32,"127":32,"128":32,"129":32,"130":32,"131":32,"132":16,"133":8,"134":8,"135":8,"136":6,"137":6,"138":2,"139":2,"140":2,"141":0,"142":0,"143":8,"144":8,"145":8,"146":8,"147":18,"148":18,"149":18,"150":15,"151":3,"152":3,"153":0,"154":8,"155":6,"156":2,"157":2,"158":2,"159":0,"160":0,"161":0},"f":{"0":20,"1":13,"2":14,"3":36,"4":36,"5":8,"6":5,"7":5,"8":6,"9":2,"10":2,"11":18,"12":16,"13":8,"14":18,"15":8,"16":2},"b":{"0":[9,11],"1":[6,7],"2":[6,8],"3":[61,155],"4":[216,118],"5":[36,27],"6":[36,21],"7":[36,33],"8":[36,17],"9":[36,21],"10":[36,36],"11":[5,3],"12":[5,3],"13":[3,0],"14":[2,3],"15":[5,0],"16":[0,0],"17":[4,1],"18":[5,0],"19":[0,0],"20":[1,5],"21":[2,4],"22":[0,4],"23":[4,0],"24":[4,0],"25":[0,0],"26":[2,0],"27":[2,0],"28":[2,0],"29":[16,16],"30":[32,21],"31":[32,18],"32":[32,30],"33":[32,18],"34":[32,20],"35":[32,32],"36":[6,2],"37":[2,0],"38":[11,7],"39":[15,3],"40":[3,0],"41":[6,2,0,0,0],"42":[4,2],"43":[2,0]},"meta":{"lastBranch":44,"lastFunction":17,"lastStatement":162,"seen":{"s:96:42:96:Infinity":0,"s:97:42:97:Infinity":1,"s:100:36:100:Infinity":2,"s:103:39:103:Infinity":3,"f:113:16:113:41":0,"s:114:29:114:Infinity":4,"s:117:28:117:Infinity":5,"s:120:28:120:Infinity":6,"s:123:23:123:Infinity":7,"s:125:14:125:Infinity":8,"b:128:2:130:Infinity:undefined:undefined:undefined:undefined":0,"s:128:2:130:Infinity":9,"s:129:4:129:Infinity":10,"s:132:2:132:Infinity":11,"f:139:16:139:43":1,"s:140:29:140:Infinity":12,"s:143:23:143:Infinity":13,"s:146:23:146:Infinity":14,"s:149:28:149:Infinity":15,"s:152:28:152:Infinity":16,"s:154:14:154:Infinity":17,"b:157:2:159:Infinity:undefined:undefined:undefined:undefined":1,"s:157:2:159:Infinity":18,"s:158:4:158:Infinity":19,"s:161:2:161:Infinity":20,"f:168:16:168:42":2,"s:169:29:169:Infinity":21,"s:172:23:172:Infinity":22,"s:175:23:175:Infinity":23,"s:178:23:178:Infinity":24,"s:180:14:180:Infinity":25,"b:183:2:185:Infinity:undefined:undefined:undefined:undefined":2,"s:183:2:185:Infinity":26,"s:184:4:184:Infinity":27,"s:187:2:187:Infinity":28,"f:198:9:198:Infinity":3,"s:206:8:206:Infinity":29,"s:207:8:207:Infinity":30,"s:209:38:209:Infinity":31,"s:212:38:212:Infinity":32,"s:214:2:221:Infinity":33,"s:215:10:215:Infinity":34,"b:216:4:220:Infinity:undefined:undefined:undefined:undefined":3,"s:216:4:220:Infinity":35,"b:216:8:216:29:216:29:216:51":4,"s:218:31:218:Infinity":36,"s:219:6:219:Infinity":37,"s:223:2:223:Infinity":38,"f:229:9:229:31":4,"s:230:2:237:Infinity":39,"b:231:45:231:68:231:68:231:70":5,"b:232:45:232:68:232:68:232:70":6,"b:233:45:233:68:233:68:233:70":7,"b:234:55:234:83:234:83:234:85":8,"b:235:55:235:83:235:83:235:85":9,"b:236:45:236:68:236:68:236:70":10,"f:248:16:248:Infinity":5,"s:253:24:253:Infinity":40,"s:254:24:254:Infinity":41,"s:257:21:257:Infinity":42,"b:257:41:257:73:257:73:257:Infinity":11,"b:260:2:266:Infinity:262:2:266:Infinity":12,"s:260:2:266:Infinity":43,"s:261:4:261:Infinity":44,"b:262:2:266:Infinity:264:9:266:Infinity":13,"s:262:2:266:Infinity":45,"s:263:4:263:Infinity":46,"s:265:4:265:Infinity":47,"s:269:29:276:Infinity":48,"s:278:29:285:Infinity":49,"s:287:28:287:Infinity":50,"s:288:28:288:Infinity":51,"s:290:2:303:Infinity":52,"f:310:16:310:Infinity":6,"s:315:24:315:Infinity":53,"s:316:24:316:Infinity":54,"s:318:21:318:Infinity":55,"b:318:41:318:73:318:73:318:Infinity":14,"b:321:2:327:Infinity:323:2:327:Infinity":15,"s:321:2:327:Infinity":56,"s:322:4:322:Infinity":57,"b:323:2:327:Infinity:325:9:327:Infinity":16,"s:323:2:327:Infinity":58,"s:324:4:324:Infinity":59,"s:326:4:326:Infinity":60,"s:329:29:336:Infinity":61,"s:338:29:345:Infinity":62,"s:347:28:347:Infinity":63,"s:348:28:348:Infinity":64,"s:350:2:363:Infinity":65,"f:370:16:370:Infinity":7,"s:375:24:375:Infinity":66,"s:376:24:376:Infinity":67,"s:378:21:378:Infinity":68,"b:378:41:378:73:378:73:378:Infinity":17,"b:381:2:387:Infinity:383:2:387:Infinity":18,"s:381:2:387:Infinity":69,"s:382:4:382:Infinity":70,"b:383:2:387:Infinity:385:9:387:Infinity":19,"s:383:2:387:Infinity":71,"s:384:4:384:Infinity":72,"s:386:4:386:Infinity":73,"s:389:29:396:Infinity":74,"s:398:29:405:Infinity":75,"s:407:28:407:Infinity":76,"s:408:28:408:Infinity":77,"s:410:2:423:Infinity":78,"f:439:16:439:Infinity":8,"s:445:32:445:Infinity":79,"s:446:30:446:Infinity":80,"s:447:30:447:Infinity":81,"s:450:35:450:Infinity":82,"b:451:2:454:Infinity:undefined:undefined:undefined:undefined":20,"s:451:2:454:Infinity":83,"s:453:4:453:Infinity":84,"s:457:22:457:Infinity":85,"s:458:2:458:Infinity":86,"s:459:2:459:Infinity":87,"s:460:2:460:Infinity":88,"b:463:2:465:Infinity:undefined:undefined:undefined:undefined":21,"s:463:2:465:Infinity":89,"s:464:4:464:Infinity":90,"s:468:24:468:Infinity":91,"s:469:2:469:Infinity":92,"s:470:2:470:Infinity":93,"s:471:2:471:Infinity":94,"b:474:2:476:Infinity:undefined:undefined:undefined:undefined":22,"s:474:2:476:Infinity":95,"s:475:4:475:Infinity":96,"s:479:23:479:Infinity":97,"s:480:2:480:Infinity":98,"s:484:24:484:Infinity":99,"b:486:2:496:Infinity:492:2:496:Infinity":23,"s:486:2:496:Infinity":100,"s:487:4:487:Infinity":101,"s:489:27:490:Infinity":102,"b:490:7:490:22:490:22:490:40":24,"s:491:4:491:Infinity":103,"b:492:2:496:Infinity:494:9:496:Infinity":25,"s:492:2:496:Infinity":104,"s:493:4:493:Infinity":105,"s:495:4:495:Infinity":106,"s:498:2:498:Infinity":107,"f:504:16:504:Infinity":9,"s:509:33:516:Infinity":108,"s:518:24:518:Infinity":109,"s:519:24:519:Infinity":110,"s:521:8:521:Infinity":111,"s:522:8:522:Infinity":112,"s:524:8:524:Infinity":113,"s:525:8:525:Infinity":114,"s:527:17:527:Infinity":115,"b:527:49:527:62:527:62:527:Infinity":26,"s:529:35:542:Infinity":116,"b:541:96:541:115:541:115:541:131":27,"s:544:18:544:Infinity":117,"b:544:42:544:63:544:63:544:Infinity":28,"s:546:2:546:Infinity":118,"f:552:16:552:31":10,"s:553:29:560:Infinity":119,"s:562:38:571:Infinity":120,"s:573:2:573:Infinity":121,"f:580:9:580:37":11,"s:581:2:588:Infinity":122,"f:591:9:591:23":12,"s:592:16:592:Infinity":123,"s:594:2:602:Infinity":124,"s:595:23:595:Infinity":125,"b:595:45:595:72:595:72:595:Infinity":29,"s:596:4:596:Infinity":126,"b:596:22:596:45:596:45:596:Infinity":30,"s:597:4:597:Infinity":127,"b:597:22:597:45:597:45:597:Infinity":31,"s:598:4:598:Infinity":128,"b:598:22:598:45:598:45:598:Infinity":32,"s:599:4:599:Infinity":129,"b:599:27:599:55:599:55:599:Infinity":33,"s:600:4:600:Infinity":130,"b:600:27:600:55:600:55:600:Infinity":34,"s:601:4:601:Infinity":131,"b:601:22:601:45:601:45:601:Infinity":35,"s:604:2:604:Infinity":132,"f:607:9:607:Infinity":13,"s:613:34:613:Infinity":133,"s:614:34:614:Infinity":134,"b:620:2:629:Infinity:623:2:629:Infinity":36,"s:620:2:629:Infinity":135,"s:621:4:621:Infinity":136,"s:622:4:622:Infinity":137,"b:623:2:629:Infinity:626:9:629:Infinity":37,"s:623:2:629:Infinity":138,"s:624:4:624:Infinity":139,"s:625:4:625:Infinity":140,"s:627:4:627:Infinity":141,"s:628:4:628:Infinity":142,"s:631:8:631:Infinity":143,"s:632:8:632:Infinity":144,"s:635:18:635:Infinity":145,"s:637:2:646:Infinity":146,"f:649:9:649:Infinity":14,"s:655:50:661:Infinity":147,"s:663:16:663:Infinity":148,"b:663:32:663:81:663:81:663:Infinity":38,"b:665:2:671:Infinity:667:2:671:Infinity":39,"s:665:2:671:Infinity":149,"s:666:4:666:Infinity":150,"b:667:2:671:Infinity:669:9:671:Infinity":40,"s:667:2:671:Infinity":151,"s:668:4:668:Infinity":152,"s:670:4:670:Infinity":153,"f:674:9:674:Infinity":15,"b:680:4:681:Infinity:682:4:684:Infinity:685:4:686:Infinity:687:4:688:Infinity:689:4:690:Infinity":41,"s:679:2:691:Infinity":154,"s:681:6:681:Infinity":155,"b:681:86:681:92:681:92:681:94":42,"s:683:26:683:Infinity":156,"f:683:38:683:43":16,"s:683:43:683:66":157,"s:684:6:684:Infinity":158,"b:684:41:684:63:684:63:684:71":43,"s:686:6:686:Infinity":159,"s:688:6:688:Infinity":160,"s:690:6:690:Infinity":161}}}
,"C:\\dev\\GIT\\x-imperium\\src\\lib\\formulas\\army-effectiveness.ts": {"path":"C:\\dev\\GIT\\x-imperium\\src\\lib\\formulas\\army-effectiveness.ts","statementMap":{"0":{"start":{"line":16,"column":33},"end":{"line":16,"column":null}},"1":{"start":{"line":19,"column":33},"end":{"line":19,"column":null}},"2":{"start":{"line":22,"column":37},"end":{"line":22,"column":null}},"3":{"start":{"line":25,"column":43},"end":{"line":25,"column":null}},"4":{"start":{"line":28,"column":47},"end":{"line":28,"column":null}},"5":{"start":{"line":31,"column":47},"end":{"line":31,"column":null}},"6":{"start":{"line":34,"column":44},"end":{"line":34,"column":null}},"7":{"start":{"line":37,"column":44},"end":{"line":37,"column":null}},"8":{"start":{"line":62,"column":2},"end":{"line":62,"column":null}},"9":{"start":{"line":76,"column":2},"end":{"line":90,"column":null}},"10":{"start":{"line":78,"column":21},"end":{"line":78,"column":null}},"11":{"start":{"line":79,"column":20},"end":{"line":79,"column":null}},"12":{"start":{"line":81,"column":28},"end":{"line":81,"column":null}},"13":{"start":{"line":82,"column":6},"end":{"line":82,"column":null}},"14":{"start":{"line":85,"column":6},"end":{"line":85,"column":null}},"15":{"start":{"line":87,"column":6},"end":{"line":87,"column":null}},"16":{"start":{"line":89,"column":6},"end":{"line":89,"column":null}},"17":{"start":{"line":100,"column":27},"end":{"line":100,"column":null}},"18":{"start":{"line":101,"column":2},"end":{"line":101,"column":null}},"19":{"start":{"line":111,"column":27},"end":{"line":111,"column":null}},"20":{"start":{"line":112,"column":2},"end":{"line":112,"column":null}},"21":{"start":{"line":128,"column":15},"end":{"line":128,"column":null}},"22":{"start":{"line":130,"column":2},"end":{"line":145,"column":null}},"23":{"start":{"line":132,"column":6},"end":{"line":134,"column":null}},"24":{"start":{"line":133,"column":8},"end":{"line":133,"column":null}},"25":{"start":{"line":135,"column":6},"end":{"line":135,"column":null}},"26":{"start":{"line":137,"column":6},"end":{"line":137,"column":null}},"27":{"start":{"line":138,"column":6},"end":{"line":138,"column":null}},"28":{"start":{"line":140,"column":6},"end":{"line":140,"column":null}},"29":{"start":{"line":141,"column":6},"end":{"line":141,"column":null}},"30":{"start":{"line":143,"column":6},"end":{"line":143,"column":null}},"31":{"start":{"line":144,"column":6},"end":{"line":144,"column":null}},"32":{"start":{"line":147,"column":2},"end":{"line":147,"column":null}},"33":{"start":{"line":158,"column":18},"end":{"line":158,"column":null}},"34":{"start":{"line":159,"column":2},"end":{"line":159,"column":null}},"35":{"start":{"line":173,"column":19},"end":{"line":173,"column":null}},"36":{"start":{"line":174,"column":2},"end":{"line":174,"column":null}},"37":{"start":{"line":188,"column":2},"end":{"line":190,"column":null}},"38":{"start":{"line":189,"column":4},"end":{"line":189,"column":null}},"39":{"start":{"line":192,"column":21},"end":{"line":192,"column":null}},"40":{"start":{"line":193,"column":2},"end":{"line":193,"column":null}}},"fnMap":{"0":{"name":"clampEffectiveness","decl":{"start":{"line":61,"column":16},"end":{"line":61,"column":35}},"loc":{"start":{"line":61,"column":66},"end":{"line":63,"column":null}},"line":61},"1":{"name":"calculateCombatEffectivenessChange","decl":{"start":{"line":72,"column":16},"end":{"line":72,"column":null}},"loc":{"start":{"line":75,"column":10},"end":{"line":91,"column":null}},"line":75},"2":{"name":"applyEffectivenessRecovery","decl":{"start":{"line":99,"column":16},"end":{"line":99,"column":43}},"loc":{"start":{"line":99,"column":81},"end":{"line":102,"column":null}},"line":99},"3":{"name":"applyMaintenancePenalty","decl":{"start":{"line":110,"column":16},"end":{"line":110,"column":40}},"loc":{"start":{"line":110,"column":78},"end":{"line":113,"column":null}},"line":110},"4":{"name":"updateEffectiveness","decl":{"start":{"line":123,"column":16},"end":{"line":123,"column":null}},"loc":{"start":{"line":127,"column":10},"end":{"line":148,"column":null}},"line":127},"5":{"name":"calculateCombatModifier","decl":{"start":{"line":157,"column":16},"end":{"line":157,"column":40}},"loc":{"start":{"line":157,"column":71},"end":{"line":160,"column":null}},"line":157},"6":{"name":"calculateEffectivePower","decl":{"start":{"line":169,"column":16},"end":{"line":169,"column":null}},"loc":{"start":{"line":172,"column":10},"end":{"line":175,"column":null}},"line":172},"7":{"name":"calculateRecoveryTurns","decl":{"start":{"line":184,"column":16},"end":{"line":184,"column":null}},"loc":{"start":{"line":187,"column":10},"end":{"line":194,"column":null}},"line":187}},"branchMap":{"0":{"loc":{"start":{"line":76,"column":2},"end":{"line":90,"column":null}},"type":"switch","locations":[{"start":{"line":77,"column":4},"end":{"line":83,"column":null}},{"start":{"line":84,"column":4},"end":{"line":85,"column":null}},{"start":{"line":86,"column":4},"end":{"line":87,"column":null}},{"start":{"line":88,"column":4},"end":{"line":89,"column":null}}],"line":76},"1":{"loc":{"start":{"line":78,"column":21},"end":{"line":78,"column":null}},"type":"binary-expr","locations":[{"start":{"line":78,"column":21},"end":{"line":78,"column":36}},{"start":{"line":78,"column":36},"end":{"line":78,"column":null}}],"line":78},"2":{"loc":{"start":{"line":130,"column":2},"end":{"line":145,"column":null}},"type":"switch","locations":[{"start":{"line":131,"column":4},"end":{"line":135,"column":null}},{"start":{"line":136,"column":4},"end":{"line":138,"column":null}},{"start":{"line":139,"column":4},"end":{"line":141,"column":null}},{"start":{"line":142,"column":4},"end":{"line":144,"column":null}}],"line":130},"3":{"loc":{"start":{"line":132,"column":6},"end":{"line":134,"column":null}},"type":"if","locations":[{"start":{"line":132,"column":6},"end":{"line":134,"column":null}},{"start":{},"end":{}}],"line":132},"4":{"loc":{"start":{"line":143,"column":15},"end":{"line":143,"column":null}},"type":"binary-expr","locations":[{"start":{"line":143,"column":15},"end":{"line":143,"column":36}},{"start":{"line":143,"column":36},"end":{"line":143,"column":null}}],"line":143},"5":{"loc":{"start":{"line":188,"column":2},"end":{"line":190,"column":null}},"type":"if","locations":[{"start":{"line":188,"column":2},"end":{"line":190,"column":null}},{"start":{},"end":{}}],"line":188}},"s":{"0":2,"1":2,"2":2,"3":2,"4":2,"5":2,"6":2,"7":2,"8":37,"9":25,"10":13,"11":13,"12":13,"13":13,"14":11,"15":1,"16":0,"17":6,"18":6,"19":4,"20":4,"21":7,"22":7,"23":4,"24":4,"25":4,"26":1,"27":1,"28":1,"29":1,"30":1,"31":1,"32":7,"33":12,"34":12,"35":5,"36":5,"37":5,"38":2,"39":3,"40":3},"f":{"0":37,"1":25,"2":6,"3":4,"4":7,"5":12,"6":5,"7":5},"b":{"0":[13,11,1,0],"1":[13,9],"2":[4,1,1,1],"3":[4,0],"4":[1,0],"5":[2,3]},"meta":{"lastBranch":6,"lastFunction":8,"lastStatement":41,"seen":{"s:16:33:16:Infinity":0,"s:19:33:19:Infinity":1,"s:22:37:22:Infinity":2,"s:25:43:25:Infinity":3,"s:28:47:28:Infinity":4,"s:31:47:31:Infinity":5,"s:34:44:34:Infinity":6,"s:37:44:37:Infinity":7,"f:61:16:61:35":0,"s:62:2:62:Infinity":8,"f:72:16:72:Infinity":1,"b:77:4:83:Infinity:84:4:85:Infinity:86:4:87:Infinity:88:4:89:Infinity":0,"s:76:2:90:Infinity":9,"s:78:21:78:Infinity":10,"b:78:21:78:36:78:36:78:Infinity":1,"s:79:20:79:Infinity":11,"s:81:28:81:Infinity":12,"s:82:6:82:Infinity":13,"s:85:6:85:Infinity":14,"s:87:6:87:Infinity":15,"s:89:6:89:Infinity":16,"f:99:16:99:43":2,"s:100:27:100:Infinity":17,"s:101:2:101:Infinity":18,"f:110:16:110:40":3,"s:111:27:111:Infinity":19,"s:112:2:112:Infinity":20,"f:123:16:123:Infinity":4,"s:128:15:128:Infinity":21,"b:131:4:135:Infinity:136:4:138:Infinity:139:4:141:Infinity:142:4:144:Infinity":2,"s:130:2:145:Infinity":22,"b:132:6:134:Infinity:undefined:undefined:undefined:undefined":3,"s:132:6:134:Infinity":23,"s:133:8:133:Infinity":24,"s:135:6:135:Infinity":25,"s:137:6:137:Infinity":26,"s:138:6:138:Infinity":27,"s:140:6:140:Infinity":28,"s:141:6:141:Infinity":29,"s:143:6:143:Infinity":30,"b:143:15:143:36:143:36:143:Infinity":4,"s:144:6:144:Infinity":31,"s:147:2:147:Infinity":32,"f:157:16:157:40":5,"s:158:18:158:Infinity":33,"s:159:2:159:Infinity":34,"f:169:16:169:Infinity":6,"s:173:19:173:Infinity":35,"s:174:2:174:Infinity":36,"f:184:16:184:Infinity":7,"b:188:2:190:Infinity:undefined:undefined:undefined:undefined":5,"s:188:2:190:Infinity":37,"s:189:4:189:Infinity":38,"s:192:21:192:Infinity":39,"s:193:2:193:Infinity":40}}}
,"C:\\dev\\GIT\\x-imperium\\src\\lib\\formulas\\casualties.ts": {"path":"C:\\dev\\GIT\\x-imperium\\src\\lib\\formulas\\casualties.ts","statementMap":{"0":{"start":{"line":16,"column":34},"end":{"line":16,"column":null}},"1":{"start":{"line":19,"column":33},"end":{"line":19,"column":null}},"2":{"start":{"line":22,"column":33},"end":{"line":22,"column":null}},"3":{"start":{"line":25,"column":43},"end":{"line":25,"column":null}},"4":{"start":{"line":28,"column":43},"end":{"line":28,"column":null}},"5":{"start":{"line":31,"column":36},"end":{"line":31,"column":null}},"6":{"start":{"line":34,"column":38},"end":{"line":34,"column":null}},"7":{"start":{"line":37,"column":28},"end":{"line":37,"column":null}},"8":{"start":{"line":40,"column":28},"end":{"line":40,"column":null}},"9":{"start":{"line":63,"column":2},"end":{"line":65,"column":null}},"10":{"start":{"line":64,"column":4},"end":{"line":64,"column":null}},"11":{"start":{"line":66,"column":2},"end":{"line":68,"column":null}},"12":{"start":{"line":67,"column":4},"end":{"line":67,"column":null}},"13":{"start":{"line":70,"column":21},"end":{"line":70,"column":null}},"14":{"start":{"line":71,"column":17},"end":{"line":71,"column":null}},"15":{"start":{"line":74,"column":2},"end":{"line":76,"column":null}},"16":{"start":{"line":75,"column":4},"end":{"line":75,"column":null}},"17":{"start":{"line":79,"column":2},"end":{"line":81,"column":null}},"18":{"start":{"line":80,"column":4},"end":{"line":80,"column":null}},"19":{"start":{"line":84,"column":2},"end":{"line":84,"column":null}},"20":{"start":{"line":96,"column":17},"end":{"line":96,"column":null}},"21":{"start":{"line":97,"column":16},"end":{"line":97,"column":null}},"22":{"start":{"line":98,"column":2},"end":{"line":98,"column":null}},"23":{"start":{"line":117,"column":2},"end":{"line":119,"column":null}},"24":{"start":{"line":118,"column":4},"end":{"line":118,"column":null}},"25":{"start":{"line":121,"column":21},"end":{"line":121,"column":null}},"26":{"start":{"line":122,"column":2},"end":{"line":122,"column":null}},"27":{"start":{"line":141,"column":19},"end":{"line":141,"column":null}},"28":{"start":{"line":142,"column":19},"end":{"line":142,"column":null}},"29":{"start":{"line":143,"column":2},"end":{"line":143,"column":null}},"30":{"start":{"line":153,"column":37},"end":{"line":153,"column":null}},"31":{"start":{"line":156,"column":2},"end":{"line":158,"column":null}},"32":{"start":{"line":157,"column":4},"end":{"line":157,"column":null}},"33":{"start":{"line":159,"column":2},"end":{"line":159,"column":null}}},"fnMap":{"0":{"name":"calculateLossRate","decl":{"start":{"line":58,"column":16},"end":{"line":58,"column":null}},"loc":{"start":{"line":61,"column":10},"end":{"line":85,"column":null}},"line":61},"1":{"name":"calculateVariance","decl":{"start":{"line":95,"column":16},"end":{"line":95,"column":34}},"loc":{"start":{"line":95,"column":64},"end":{"line":99,"column":null}},"line":95},"2":{"name":"calculateCasualties","decl":{"start":{"line":112,"column":16},"end":{"line":112,"column":null}},"loc":{"start":{"line":116,"column":10},"end":{"line":123,"column":null}},"line":116},"3":{"name":"calculateCombatCasualties","decl":{"start":{"line":135,"column":16},"end":{"line":135,"column":null}},"loc":{"start":{"line":140,"column":10},"end":{"line":144,"column":null}},"line":140},"4":{"name":"calculateRetreatCasualties","decl":{"start":{"line":155,"column":16},"end":{"line":155,"column":43}},"loc":{"start":{"line":155,"column":66},"end":{"line":160,"column":null}},"line":155}},"branchMap":{"0":{"loc":{"start":{"line":63,"column":2},"end":{"line":65,"column":null}},"type":"if","locations":[{"start":{"line":63,"column":2},"end":{"line":65,"column":null}},{"start":{},"end":{}}],"line":63},"1":{"loc":{"start":{"line":66,"column":2},"end":{"line":68,"column":null}},"type":"if","locations":[{"start":{"line":66,"column":2},"end":{"line":68,"column":null}},{"start":{},"end":{}}],"line":66},"2":{"loc":{"start":{"line":74,"column":2},"end":{"line":76,"column":null}},"type":"if","locations":[{"start":{"line":74,"column":2},"end":{"line":76,"column":null}},{"start":{},"end":{}}],"line":74},"3":{"loc":{"start":{"line":79,"column":2},"end":{"line":81,"column":null}},"type":"if","locations":[{"start":{"line":79,"column":2},"end":{"line":81,"column":null}},{"start":{},"end":{}}],"line":79},"4":{"loc":{"start":{"line":96,"column":17},"end":{"line":96,"column":null}},"type":"binary-expr","locations":[{"start":{"line":96,"column":17},"end":{"line":96,"column":32}},{"start":{"line":96,"column":32},"end":{"line":96,"column":null}}],"line":96},"5":{"loc":{"start":{"line":115,"column":2},"end":{"line":115,"column":null}},"type":"default-arg","locations":[{"start":{"line":115,"column":21},"end":{"line":115,"column":null}}],"line":115},"6":{"loc":{"start":{"line":117,"column":2},"end":{"line":119,"column":null}},"type":"if","locations":[{"start":{"line":117,"column":2},"end":{"line":119,"column":null}},{"start":{},"end":{}}],"line":117},"7":{"loc":{"start":{"line":117,"column":6},"end":{"line":117,"column":35}},"type":"binary-expr","locations":[{"start":{"line":117,"column":6},"end":{"line":117,"column":20}},{"start":{"line":117,"column":20},"end":{"line":117,"column":35}}],"line":117},"8":{"loc":{"start":{"line":156,"column":2},"end":{"line":158,"column":null}},"type":"if","locations":[{"start":{"line":156,"column":2},"end":{"line":158,"column":null}},{"start":{},"end":{}}],"line":156}},"s":{"0":2,"1":2,"2":2,"3":2,"4":2,"5":2,"6":2,"7":2,"8":2,"9":48,"10":8,"11":40,"12":8,"13":32,"14":32,"15":32,"16":9,"17":32,"18":10,"19":32,"20":45,"21":45,"22":45,"23":77,"24":3,"25":74,"26":74,"27":3,"28":3,"29":3,"30":2,"31":5,"32":2,"33":3},"f":{"0":48,"1":45,"2":77,"3":3,"4":5},"b":{"0":[8,40],"1":[8,32],"2":[9,23],"3":[10,22],"4":[45,1],"5":[77],"6":[3,74],"7":[77,75],"8":[2,3]},"meta":{"lastBranch":9,"lastFunction":5,"lastStatement":34,"seen":{"s:16:34:16:Infinity":0,"s:19:33:19:Infinity":1,"s:22:33:22:Infinity":2,"s:25:43:25:Infinity":3,"s:28:43:28:Infinity":4,"s:31:36:31:Infinity":5,"s:34:38:34:Infinity":6,"s:37:28:37:Infinity":7,"s:40:28:40:Infinity":8,"f:58:16:58:Infinity":0,"b:63:2:65:Infinity:undefined:undefined:undefined:undefined":0,"s:63:2:65:Infinity":9,"s:64:4:64:Infinity":10,"b:66:2:68:Infinity:undefined:undefined:undefined:undefined":1,"s:66:2:68:Infinity":11,"s:67:4:67:Infinity":12,"s:70:21:70:Infinity":13,"s:71:17:71:Infinity":14,"b:74:2:76:Infinity:undefined:undefined:undefined:undefined":2,"s:74:2:76:Infinity":15,"s:75:4:75:Infinity":16,"b:79:2:81:Infinity:undefined:undefined:undefined:undefined":3,"s:79:2:81:Infinity":17,"s:80:4:80:Infinity":18,"s:84:2:84:Infinity":19,"f:95:16:95:34":1,"s:96:17:96:Infinity":20,"b:96:17:96:32:96:32:96:Infinity":4,"s:97:16:97:Infinity":21,"s:98:2:98:Infinity":22,"f:112:16:112:Infinity":2,"b:115:21:115:Infinity":5,"b:117:2:119:Infinity:undefined:undefined:undefined:undefined":6,"s:117:2:119:Infinity":23,"b:117:6:117:20:117:20:117:35":7,"s:118:4:118:Infinity":24,"s:121:21:121:Infinity":25,"s:122:2:122:Infinity":26,"f:135:16:135:Infinity":3,"s:141:19:141:Infinity":27,"s:142:19:142:Infinity":28,"s:143:2:143:Infinity":29,"s:153:37:153:Infinity":30,"f:155:16:155:43":4,"b:156:2:158:Infinity:undefined:undefined:undefined:undefined":8,"s:156:2:158:Infinity":31,"s:157:4:157:Infinity":32,"s:159:2:159:Infinity":33}}}
,"C:\\dev\\GIT\\x-imperium\\src\\lib\\formulas\\combat-power.ts": {"path":"C:\\dev\\GIT\\x-imperium\\src\\lib\\formulas\\combat-power.ts","statementMap":{"0":{"start":{"line":32,"column":33},"end":{"line":39,"column":null}},"1":{"start":{"line":42,"column":35},"end":{"line":42,"column":null}},"2":{"start":{"line":45,"column":31},"end":{"line":45,"column":null}},"3":{"start":{"line":48,"column":34},"end":{"line":48,"column":null}},"4":{"start":{"line":51,"column":42},"end":{"line":51,"column":null}},"5":{"start":{"line":65,"column":14},"end":{"line":65,"column":null}},"6":{"start":{"line":66,"column":2},"end":{"line":66,"column":null}},"7":{"start":{"line":66,"column":26},"end":{"line":66,"column":null}},"8":{"start":{"line":67,"column":2},"end":{"line":67,"column":null}},"9":{"start":{"line":67,"column":26},"end":{"line":67,"column":null}},"10":{"start":{"line":68,"column":2},"end":{"line":68,"column":null}},"11":{"start":{"line":68,"column":26},"end":{"line":68,"column":null}},"12":{"start":{"line":69,"column":2},"end":{"line":69,"column":null}},"13":{"start":{"line":69,"column":31},"end":{"line":69,"column":null}},"14":{"start":{"line":70,"column":2},"end":{"line":70,"column":null}},"15":{"start":{"line":70,"column":31},"end":{"line":70,"column":null}},"16":{"start":{"line":71,"column":2},"end":{"line":71,"column":null}},"17":{"start":{"line":71,"column":26},"end":{"line":71,"column":null}},"18":{"start":{"line":72,"column":2},"end":{"line":72,"column":null}},"19":{"start":{"line":82,"column":2},"end":{"line":82,"column":null}},"20":{"start":{"line":92,"column":2},"end":{"line":92,"column":null}},"21":{"start":{"line":120,"column":4},"end":{"line":123,"column":null}},"22":{"start":{"line":126,"column":28},"end":{"line":128,"column":null}},"23":{"start":{"line":129,"column":2},"end":{"line":129,"column":null}},"24":{"start":{"line":132,"column":30},"end":{"line":132,"column":null}},"25":{"start":{"line":133,"column":2},"end":{"line":133,"column":null}},"26":{"start":{"line":136,"column":2},"end":{"line":138,"column":null}},"27":{"start":{"line":137,"column":4},"end":{"line":137,"column":null}},"28":{"start":{"line":140,"column":2},"end":{"line":140,"column":null}},"29":{"start":{"line":155,"column":22},"end":{"line":155,"column":null}},"30":{"start":{"line":156,"column":23},"end":{"line":156,"column":null}},"31":{"start":{"line":159,"column":2},"end":{"line":161,"column":null}},"32":{"start":{"line":160,"column":4},"end":{"line":160,"column":null}},"33":{"start":{"line":163,"column":2},"end":{"line":163,"column":null}}},"fnMap":{"0":{"name":"countUnitTypes","decl":{"start":{"line":64,"column":16},"end":{"line":64,"column":31}},"loc":{"start":{"line":64,"column":64},"end":{"line":73,"column":null}},"line":64},"1":{"name":"hasDiversityBonus","decl":{"start":{"line":81,"column":16},"end":{"line":81,"column":34}},"loc":{"start":{"line":81,"column":68},"end":{"line":83,"column":null}},"line":81},"2":{"name":"calculateDiversityBonus","decl":{"start":{"line":91,"column":16},"end":{"line":91,"column":40}},"loc":{"start":{"line":91,"column":73},"end":{"line":93,"column":null}},"line":91},"3":{"name":"calculateFleetPower","decl":{"start":{"line":114,"column":16},"end":{"line":114,"column":null}},"loc":{"start":{"line":117,"column":10},"end":{"line":141,"column":null}},"line":117},"4":{"name":"calculatePowerRatio","decl":{"start":{"line":151,"column":16},"end":{"line":151,"column":null}},"loc":{"start":{"line":154,"column":10},"end":{"line":164,"column":null}},"line":154}},"branchMap":{"0":{"loc":{"start":{"line":66,"column":2},"end":{"line":66,"column":null}},"type":"if","locations":[{"start":{"line":66,"column":2},"end":{"line":66,"column":null}},{"start":{},"end":{}}],"line":66},"1":{"loc":{"start":{"line":67,"column":2},"end":{"line":67,"column":null}},"type":"if","locations":[{"start":{"line":67,"column":2},"end":{"line":67,"column":null}},{"start":{},"end":{}}],"line":67},"2":{"loc":{"start":{"line":68,"column":2},"end":{"line":68,"column":null}},"type":"if","locations":[{"start":{"line":68,"column":2},"end":{"line":68,"column":null}},{"start":{},"end":{}}],"line":68},"3":{"loc":{"start":{"line":69,"column":2},"end":{"line":69,"column":null}},"type":"if","locations":[{"start":{"line":69,"column":2},"end":{"line":69,"column":null}},{"start":{},"end":{}}],"line":69},"4":{"loc":{"start":{"line":70,"column":2},"end":{"line":70,"column":null}},"type":"if","locations":[{"start":{"line":70,"column":2},"end":{"line":70,"column":null}},{"start":{},"end":{}}],"line":70},"5":{"loc":{"start":{"line":71,"column":2},"end":{"line":71,"column":null}},"type":"if","locations":[{"start":{"line":71,"column":2},"end":{"line":71,"column":null}},{"start":{},"end":{}}],"line":71},"6":{"loc":{"start":{"line":92,"column":9},"end":{"line":92,"column":null}},"type":"cond-expr","locations":[{"start":{"line":92,"column":36},"end":{"line":92,"column":54}},{"start":{"line":92,"column":54},"end":{"line":92,"column":null}}],"line":92},"7":{"loc":{"start":{"line":116,"column":2},"end":{"line":116,"column":null}},"type":"default-arg","locations":[{"start":{"line":116,"column":24},"end":{"line":116,"column":null}}],"line":116},"8":{"loc":{"start":{"line":126,"column":28},"end":{"line":128,"column":null}},"type":"cond-expr","locations":[{"start":{"line":127,"column":6},"end":{"line":127,"column":null}},{"start":{"line":128,"column":6},"end":{"line":128,"column":null}}],"line":126},"9":{"loc":{"start":{"line":136,"column":2},"end":{"line":138,"column":null}},"type":"if","locations":[{"start":{"line":136,"column":2},"end":{"line":138,"column":null}},{"start":{},"end":{}}],"line":136},"10":{"loc":{"start":{"line":159,"column":2},"end":{"line":161,"column":null}},"type":"if","locations":[{"start":{"line":159,"column":2},"end":{"line":161,"column":null}},{"start":{},"end":{}}],"line":159},"11":{"loc":{"start":{"line":160,"column":11},"end":{"line":160,"column":null}},"type":"cond-expr","locations":[{"start":{"line":160,"column":29},"end":{"line":160,"column":40}},{"start":{"line":160,"column":40},"end":{"line":160,"column":null}}],"line":160}},"s":{"0":1,"1":1,"2":1,"3":1,"4":1,"5":36,"6":36,"7":9,"8":36,"9":22,"10":36,"11":9,"12":36,"13":12,"14":36,"15":6,"16":36,"17":6,"18":36,"19":30,"20":25,"21":21,"22":21,"23":21,"24":21,"25":21,"26":21,"27":8,"28":21,"29":4,"30":4,"31":4,"32":2,"33":2},"f":{"0":36,"1":30,"2":25,"3":21,"4":4},"b":{"0":[9,27],"1":[22,14],"2":[9,27],"3":[12,24],"4":[6,30],"5":[6,30],"6":[5,20],"7":[21],"8":[8,13],"9":[8,13],"10":[2,2],"11":[1,1]},"meta":{"lastBranch":12,"lastFunction":5,"lastStatement":34,"seen":{"s:32:33:39:Infinity":0,"s:42:35:42:Infinity":1,"s:45:31:45:Infinity":2,"s:48:34:48:Infinity":3,"s:51:42:51:Infinity":4,"f:64:16:64:31":0,"s:65:14:65:Infinity":5,"b:66:2:66:Infinity:undefined:undefined:undefined:undefined":0,"s:66:2:66:Infinity":6,"s:66:26:66:Infinity":7,"b:67:2:67:Infinity:undefined:undefined:undefined:undefined":1,"s:67:2:67:Infinity":8,"s:67:26:67:Infinity":9,"b:68:2:68:Infinity:undefined:undefined:undefined:undefined":2,"s:68:2:68:Infinity":10,"s:68:26:68:Infinity":11,"b:69:2:69:Infinity:undefined:undefined:undefined:undefined":3,"s:69:2:69:Infinity":12,"s:69:31:69:Infinity":13,"b:70:2:70:Infinity:undefined:undefined:undefined:undefined":4,"s:70:2:70:Infinity":14,"s:70:31:70:Infinity":15,"b:71:2:71:Infinity:undefined:undefined:undefined:undefined":5,"s:71:2:71:Infinity":16,"s:71:26:71:Infinity":17,"s:72:2:72:Infinity":18,"f:81:16:81:34":1,"s:82:2:82:Infinity":19,"f:91:16:91:40":2,"s:92:2:92:Infinity":20,"b:92:36:92:54:92:54:92:Infinity":6,"f:114:16:114:Infinity":3,"b:116:24:116:Infinity":7,"s:120:4:123:Infinity":21,"s:126:28:128:Infinity":22,"b:127:6:127:Infinity:128:6:128:Infinity":8,"s:129:2:129:Infinity":23,"s:132:30:132:Infinity":24,"s:133:2:133:Infinity":25,"b:136:2:138:Infinity:undefined:undefined:undefined:undefined":9,"s:136:2:138:Infinity":26,"s:137:4:137:Infinity":27,"s:140:2:140:Infinity":28,"f:151:16:151:Infinity":4,"s:155:22:155:Infinity":29,"s:156:23:156:Infinity":30,"b:159:2:161:Infinity:undefined:undefined:undefined:undefined":10,"s:159:2:161:Infinity":31,"s:160:4:160:Infinity":32,"b:160:29:160:40:160:40:160:Infinity":11,"s:163:2:163:Infinity":33}}}
,"C:\\dev\\GIT\\x-imperium\\src\\lib\\formulas\\planet-costs.ts": {"path":"C:\\dev\\GIT\\x-imperium\\src\\lib\\formulas\\planet-costs.ts","statementMap":{"0":{"start":{"line":14,"column":35},"end":{"line":14,"column":null}},"1":{"start":{"line":17,"column":37},"end":{"line":17,"column":null}},"2":{"start":{"line":43,"column":2},"end":{"line":45,"column":null}},"3":{"start":{"line":44,"column":4},"end":{"line":44,"column":null}},"4":{"start":{"line":46,"column":2},"end":{"line":48,"column":null}},"5":{"start":{"line":47,"column":4},"end":{"line":47,"column":null}},"6":{"start":{"line":50,"column":21},"end":{"line":50,"column":null}},"7":{"start":{"line":51,"column":2},"end":{"line":51,"column":null}},"8":{"start":{"line":71,"column":23},"end":{"line":71,"column":null}},"9":{"start":{"line":72,"column":2},"end":{"line":72,"column":null}},"10":{"start":{"line":83,"column":2},"end":{"line":85,"column":null}},"11":{"start":{"line":84,"column":4},"end":{"line":84,"column":null}},"12":{"start":{"line":86,"column":2},"end":{"line":86,"column":null}},"13":{"start":{"line":103,"column":2},"end":{"line":105,"column":null}},"14":{"start":{"line":104,"column":4},"end":{"line":104,"column":null}},"15":{"start":{"line":107,"column":18},"end":{"line":107,"column":null}},"16":{"start":{"line":108,"column":2},"end":{"line":110,"column":null}},"17":{"start":{"line":108,"column":15},"end":{"line":108,"column":18}},"18":{"start":{"line":109,"column":4},"end":{"line":109,"column":null}},"19":{"start":{"line":111,"column":2},"end":{"line":111,"column":null}},"20":{"start":{"line":127,"column":2},"end":{"line":129,"column":null}},"21":{"start":{"line":128,"column":4},"end":{"line":128,"column":null}},"22":{"start":{"line":131,"column":14},"end":{"line":131,"column":null}},"23":{"start":{"line":132,"column":25},"end":{"line":132,"column":null}},"24":{"start":{"line":134,"column":2},"end":{"line":141,"column":null}},"25":{"start":{"line":135,"column":17},"end":{"line":135,"column":null}},"26":{"start":{"line":136,"column":4},"end":{"line":138,"column":null}},"27":{"start":{"line":137,"column":6},"end":{"line":137,"column":null}},"28":{"start":{"line":139,"column":4},"end":{"line":139,"column":null}},"29":{"start":{"line":140,"column":4},"end":{"line":140,"column":null}},"30":{"start":{"line":143,"column":2},"end":{"line":143,"column":null}}},"fnMap":{"0":{"name":"calculatePlanetCost","decl":{"start":{"line":39,"column":16},"end":{"line":39,"column":null}},"loc":{"start":{"line":42,"column":10},"end":{"line":52,"column":null}},"line":42},"1":{"name":"calculateReleaseRefund","decl":{"start":{"line":67,"column":16},"end":{"line":67,"column":null}},"loc":{"start":{"line":70,"column":10},"end":{"line":73,"column":null}},"line":70},"2":{"name":"getPlanetCostMultiplier","decl":{"start":{"line":82,"column":16},"end":{"line":82,"column":40}},"loc":{"start":{"line":82,"column":70},"end":{"line":87,"column":null}},"line":82},"3":{"name":"calculateBulkPlanetCost","decl":{"start":{"line":98,"column":16},"end":{"line":98,"column":null}},"loc":{"start":{"line":102,"column":10},"end":{"line":112,"column":null}},"line":102},"4":{"name":"calculateAffordablePlanets","decl":{"start":{"line":122,"column":16},"end":{"line":122,"column":null}},"loc":{"start":{"line":126,"column":10},"end":{"line":144,"column":null}},"line":126}},"branchMap":{"0":{"loc":{"start":{"line":43,"column":2},"end":{"line":45,"column":null}},"type":"if","locations":[{"start":{"line":43,"column":2},"end":{"line":45,"column":null}},{"start":{},"end":{}}],"line":43},"1":{"loc":{"start":{"line":46,"column":2},"end":{"line":48,"column":null}},"type":"if","locations":[{"start":{"line":46,"column":2},"end":{"line":48,"column":null}},{"start":{},"end":{}}],"line":46},"2":{"loc":{"start":{"line":83,"column":2},"end":{"line":85,"column":null}},"type":"if","locations":[{"start":{"line":83,"column":2},"end":{"line":85,"column":null}},{"start":{},"end":{}}],"line":83},"3":{"loc":{"start":{"line":103,"column":2},"end":{"line":105,"column":null}},"type":"if","locations":[{"start":{"line":103,"column":2},"end":{"line":105,"column":null}},{"start":{},"end":{}}],"line":103},"4":{"loc":{"start":{"line":127,"column":2},"end":{"line":129,"column":null}},"type":"if","locations":[{"start":{"line":127,"column":2},"end":{"line":129,"column":null}},{"start":{},"end":{}}],"line":127},"5":{"loc":{"start":{"line":127,"column":6},"end":{"line":127,"column":46}},"type":"binary-expr","locations":[{"start":{"line":127,"column":6},"end":{"line":127,"column":31}},{"start":{"line":127,"column":31},"end":{"line":127,"column":46}}],"line":127},"6":{"loc":{"start":{"line":136,"column":4},"end":{"line":138,"column":null}},"type":"if","locations":[{"start":{"line":136,"column":4},"end":{"line":138,"column":null}},{"start":{},"end":{}}],"line":136}},"s":{"0":3,"1":3,"2":61,"3":1,"4":60,"5":1,"6":60,"7":60,"8":10,"9":10,"10":5,"11":1,"12":5,"13":5,"14":2,"15":3,"16":3,"17":3,"18":5,"19":3,"20":8,"21":3,"22":5,"23":5,"24":5,"25":12,"26":12,"27":5,"28":7,"29":7,"30":5},"f":{"0":61,"1":10,"2":5,"3":5,"4":8},"b":{"0":[1,60],"1":[1,59],"2":[1,4],"3":[2,3],"4":[3,5],"5":[8,6],"6":[5,7]},"meta":{"lastBranch":7,"lastFunction":5,"lastStatement":31,"seen":{"s:14:35:14:Infinity":0,"s:17:37:17:Infinity":1,"f:39:16:39:Infinity":0,"b:43:2:45:Infinity:undefined:undefined:undefined:undefined":0,"s:43:2:45:Infinity":2,"s:44:4:44:Infinity":3,"b:46:2:48:Infinity:undefined:undefined:undefined:undefined":1,"s:46:2:48:Infinity":4,"s:47:4:47:Infinity":5,"s:50:21:50:Infinity":6,"s:51:2:51:Infinity":7,"f:67:16:67:Infinity":1,"s:71:23:71:Infinity":8,"s:72:2:72:Infinity":9,"f:82:16:82:40":2,"b:83:2:85:Infinity:undefined:undefined:undefined:undefined":2,"s:83:2:85:Infinity":10,"s:84:4:84:Infinity":11,"s:86:2:86:Infinity":12,"f:98:16:98:Infinity":3,"b:103:2:105:Infinity:undefined:undefined:undefined:undefined":3,"s:103:2:105:Infinity":13,"s:104:4:104:Infinity":14,"s:107:18:107:Infinity":15,"s:108:2:110:Infinity":16,"s:108:15:108:18":17,"s:109:4:109:Infinity":18,"s:111:2:111:Infinity":19,"f:122:16:122:Infinity":4,"b:127:2:129:Infinity:undefined:undefined:undefined:undefined":4,"s:127:2:129:Infinity":20,"b:127:6:127:31:127:31:127:46":5,"s:128:4:128:Infinity":21,"s:131:14:131:Infinity":22,"s:132:25:132:Infinity":23,"s:134:2:141:Infinity":24,"s:135:17:135:Infinity":25,"b:136:4:138:Infinity:undefined:undefined:undefined:undefined":6,"s:136:4:138:Infinity":26,"s:137:6:137:Infinity":27,"s:139:4:139:Infinity":28,"s:140:4:140:Infinity":29,"s:143:2:143:Infinity":30}}}
,"C:\\dev\\GIT\\x-imperium\\src\\lib\\formulas\\population.ts": {"path":"C:\\dev\\GIT\\x-imperium\\src\\lib\\formulas\\population.ts","statementMap":{"0":{"start":{"line":15,"column":32},"end":{"line":15,"column":null}},"1":{"start":{"line":18,"column":38},"end":{"line":18,"column":null}},"2":{"start":{"line":21,"column":31},"end":{"line":21,"column":null}},"3":{"start":{"line":24,"column":34},"end":{"line":24,"column":null}},"4":{"start":{"line":44,"column":2},"end":{"line":46,"column":null}},"5":{"start":{"line":45,"column":4},"end":{"line":45,"column":null}},"6":{"start":{"line":47,"column":2},"end":{"line":47,"column":null}},"7":{"start":{"line":57,"column":2},"end":{"line":59,"column":null}},"8":{"start":{"line":58,"column":4},"end":{"line":58,"column":null}},"9":{"start":{"line":60,"column":2},"end":{"line":60,"column":null}},"10":{"start":{"line":77,"column":2},"end":{"line":79,"column":null}},"11":{"start":{"line":78,"column":4},"end":{"line":78,"column":null}},"12":{"start":{"line":82,"column":2},"end":{"line":84,"column":null}},"13":{"start":{"line":83,"column":4},"end":{"line":83,"column":null}},"14":{"start":{"line":87,"column":21},"end":{"line":87,"column":null}},"15":{"start":{"line":88,"column":22},"end":{"line":88,"column":null}},"16":{"start":{"line":90,"column":2},"end":{"line":92,"column":null}},"17":{"start":{"line":91,"column":4},"end":{"line":91,"column":null}},"18":{"start":{"line":95,"column":26},"end":{"line":95,"column":null}},"19":{"start":{"line":96,"column":21},"end":{"line":96,"column":null}},"20":{"start":{"line":97,"column":17},"end":{"line":97,"column":null}},"21":{"start":{"line":99,"column":2},"end":{"line":99,"column":null}},"22":{"start":{"line":114,"column":2},"end":{"line":116,"column":null}},"23":{"start":{"line":115,"column":4},"end":{"line":115,"column":null}},"24":{"start":{"line":118,"column":21},"end":{"line":118,"column":null}},"25":{"start":{"line":119,"column":22},"end":{"line":119,"column":null}},"26":{"start":{"line":121,"column":2},"end":{"line":123,"column":null}},"27":{"start":{"line":122,"column":4},"end":{"line":122,"column":null}},"28":{"start":{"line":126,"column":23},"end":{"line":126,"column":null}},"29":{"start":{"line":127,"column":19},"end":{"line":127,"column":null}},"30":{"start":{"line":130,"column":18},"end":{"line":130,"column":null}},"31":{"start":{"line":131,"column":2},"end":{"line":131,"column":null}},"32":{"start":{"line":148,"column":17},"end":{"line":152,"column":null}},"33":{"start":{"line":153,"column":15},"end":{"line":153,"column":null}},"34":{"start":{"line":154,"column":2},"end":{"line":154,"column":null}},"35":{"start":{"line":170,"column":17},"end":{"line":174,"column":null}},"36":{"start":{"line":175,"column":24},"end":{"line":175,"column":null}},"37":{"start":{"line":176,"column":2},"end":{"line":176,"column":null}}},"fnMap":{"0":{"name":"calculateFoodConsumption","decl":{"start":{"line":43,"column":16},"end":{"line":43,"column":41}},"loc":{"start":{"line":43,"column":69},"end":{"line":48,"column":null}},"line":43},"1":{"name":"calculateSupportablePopulation","decl":{"start":{"line"
[...]
0,"column":null}},"25":{"start":{"line":177,"column":2},"end":{"line":199,"column":null}},"26":{"start":{"line":180,"column":4},"end":{"line":180,"column":null}},"27":{"start":{"line":181,"column":4},"end":{"line":184,"column":null}},"28":{"start":{"line":185,"column":4},"end":{"line":185,"column":null}},"29":{"start":{"line":186,"column":2},"end":{"line":199,"column":null}},"30":{"start":{"line":188,"column":4},"end":{"line":191,"column":null}},"31":{"start":{"line":192,"column":4},"end":{"line":192,"column":null}},"32":{"start":{"line":193,"column":4},"end":{"line":193,"column":null}},"33":{"start":{"line":196,"column":4},"end":{"line":196,"column":null}},"34":{"start":{"line":197,"column":4},"end":{"line":197,"column":null}},"35":{"start":{"line":198,"column":4},"end":{"line":198,"column":null}},"36":{"start":{"line":201,"column":2},"end":{"line":206,"column":null}}},"fnMap":{"0":{"name":"calculateFoodConsumption","decl":{"start":{"line":44,"column":16},"end":{"line":44,"column":41}},"loc":{"start":{"line":44,"column":69},"end":{"line":46,"column":null}},"line":44},"1":{"name":"calculatePopulationGrowth","decl":{"start":{"line":59,"column":16},"end":{"line":59,"column":null}},"loc":{"start":{"line":62,"column":10},"end":{"line":77,"column":null}},"line":62},"2":{"name":"calculateStarvation","decl":{"start":{"line":99,"column":16},"end":{"line":99,"column":36}},"loc":{"start":{"line":99,"column":85},"end":{"line":129,"column":null}},"line":99},"3":{"name":"processPopulation","decl":{"start":{"line":157,"column":16},"end":{"line":157,"column":null}},"loc":{"start":{"line":161,"column":20},"end":{"line":207,"column":null}},"line":161}},"branchMap":{"0":{"loc":{"start":{"line":64,"column":2},"end":{"line":66,"column":null}},"type":"if","locations":[{"start":{"line":64,"column":2},"end":{"line":66,"column":null}},{"start":{},"end":{}}],"line":64},"1":{"loc":{"start":{"line":72,"column":2},"end":{"line":74,"column":null}},"type":"if","locations":[{"start":{"line":72,"column":2},"end":{"line":74,"column":null}},{"start":{},"end":{}}],"line":72},"2":{"loc":{"start":{"line":100,"column":2},"end":{"line":102,"column":null}},"type":"if","locations":[{"start":{"line":100,"column":2},"end":{"line":102,"column":null}},{"start":{},"end":{}}],"line":100},"3":{"loc":{"start":{"line":100,"column":6},"end":{"line":100,"column":43}},"type":"binary-expr","locations":[{"start":{"line":100,"column":6},"end":{"line":100,"column":25}},{"start":{"line":100,"column":25},"end":{"line":100,"column":43}}],"line":100},"4":{"loc":{"start":{"line":110,"column":21},"end":{"line":112,"column":null}},"type":"cond-expr","locations":[{"start":{"line":111,"column":6},"end":{"line":111,"column":null}},{"start":{"line":112,"column":6},"end":{"line":112,"column":null}}],"line":110},"5":{"loc":{"start":{"line":123,"column":2},"end":{"line":125,"column":null}},"type":"if","locations":[{"start":{"line":123,"column":2},"end":{"line":125,"column":null}},{"start":{},"end":{}}],"line":123},"6":{"loc":{"start":{"line":123,"column":6},"end":{"line":123,"column":55}},"type":"binary-expr","locations":[{"start":{"line":123,"column":6},"end":{"line":123,"column":20}},{"start":{"line":123,"column":20},"end":{"line":123,"column":38}},{"start":{"line":123,"column":38},"end":{"line":123,"column":55}}],"line":123},"7":{"loc":{"start":{"line":128,"column":9},"end":{"line":128,"column":null}},"type":"cond-expr","locations":[{"start":{"line":128,"column":22},"end":{"line":128,"column":26}},{"start":{"line":128,"column":26},"end":{"line":128,"column":null}}],"line":128},"8":{"loc":{"start":{"line":177,"column":2},"end":{"line":199,"column":null}},"type":"if","locations":[{"start":{"line":177,"column":2},"end":{"line":199,"column":null}},{"start":{"line":186,"column":2},"end":{"line":199,"column":null}}],"line":177},"9":{"loc":{"start":{"line":186,"column":2},"end":{"line":199,"column":null}},"type":"if","locations":[{"start":{"line":186,"column":2},"end":{"line":199,"column":null}},{"start":{"line":194,"column":9},"end":{"line":199,"column":null}}],"line":186}},"s":{"0":2,"1":2,"2":2,"3":2,"4":59,"5":29,"6":5,"7":24,"8":24,"9":24,"10":3,"11":21,"12":21,"13":2,"14":19,"15":19,"16":21,"17":21,"18":21,"19":2,"20":19,"21":34,"22":34,"23":34,"24":34,"25":34,"26":9,"27":9,"28":9,"29":25,"30":22,"31":22,"32":22,"33":3,"34":3,"35":3,"36":34},"f":{"0":59,"1":29,"2":21,"3":34},"b":{"0":[5,24],"1":[3,21],"2":[2,19],"3":[21,20],"4":[14,5],"5":[2,19],"6":[21,2,2],"7":[0,19],"8":[9,25],"9":[22,3]},"meta":{"lastBranch":10,"lastFunction":4,"lastStatement":37,"seen":{"s:20:44:20:Infinity":0,"s:23:38:23:Infinity":1,"s:26:31:26:Infinity":2,"s:29:30:29:Infinity":3,"f:44:16:44:41":0,"s:45:2:45:Infinity":4,"f:59:16:59:Infinity":1,"b:64:2:66:Infinity:undefined:undefined:undefined:undefined":0,"s:64:2:66:Infinity":5,"s:65:4:65:Infinity":6,"s:68:17:68:Infinity":7,"s:71:24:71:Infinity":8,"b:72:2:74:Infinity:undefined:undefined:undefined:undefined":1,"s:72:2:74:Infinity":9,"s:73:4:73:Infinity":10,"s:76:2:76:Infinity":11,"f:99:16:99:36":2,"b:100:2:102:Infinity:undefined:undefined:undefined:undefined":2,"s:100:2:102:Infinity":12,"b:100:6:100:25:100:25:100:43":3,"s:101:4:101:Infinity":13,"s:105:23:105:Infinity":14,"s:110:21:112:Infinity":15,"b:111:6:111:Infinity:112:6:112:Infinity":4,"s:118:23:118:Infinity":16,"s:120:13:120:Infinity":17,"b:123:2:125:Infinity:undefined:undefined:undefined:undefined":5,"s:123:2:125:Infinity":18,"b:123:6:123:20:123:20:123:38:123:38:123:55":6,"s:124:4:124:Infinity":19,"s:128:2:128:Infinity":20,"b:128:22:128:26:128:26:128:Infinity":7,"f:157:16:157:Infinity":3,"s:163:23:163:Infinity":21,"s:166:32:166:Infinity":22,"s:169:22:169:Infinity":23,"s:170:24:170:Infinity":24,"b:177:2:199:Infinity:186:2:199:Infinity":8,"s:177:2:199:Infinity":25,"s:180:4:180:Infinity":26,"s:181:4:184:Infinity":27,"s:185:4:185:Infinity":28,"b:186:2:199:Infinity:194:9:199:Infinity":9,"s:186:2:199:Infinity":29,"s:188:4:191:Infinity":30,"s:192:4:192:Infinity":31,"s:193:4:193:Infinity":32,"s:196:4:196:Infinity":33,"s:197:4:197:Infinity":34,"s:198:4:198:Infinity":35,"s:201:2:206:Infinity":36}}}
,"C:\\dev\\GIT\\x-imperium\\src\\lib\\game\\services\\resource-engine.ts": {"path":"C:\\dev\\GIT\\x-imperium\\src\\lib\\game\\services\\resource-engine.ts","statementMap":{"0":{"start":{"line":25,"column":39},"end":{"line":25,"column":null}},"1":{"start":{"line":50,"column":36},"end":{"line":56,"column":null}},"2":{"start":{"line":58,"column":2},"end":{"line":91,"column":null}},"3":{"start":{"line":59,"column":27},"end":{"line":59,"column":null}},"4":{"start":{"line":61,"column":4},"end":{"line":90,"column":null}},"5":{"start":{"line":63,"column":8},"end":{"line":63,"column":null}},"6":{"start":{"line":64,"column":8},"end":{"line":64,"column":null}},"7":{"start":{"line":67,"column":8},"end":{"line":67,"column":null}},"8":{"start":{"line":68,"column":8},"end":{"line":68,"column":null}},"9":{"start":{"line":71,"column":8},"end":{"line":71,"column":null}},"10":{"start":{"line":72,"column":8},"end":{"line":72,"column":null}},"11":{"start":{"line":76,"column":8},"end":{"line":76,"column":null}},"12":{"start":{"line":77,"column":8},"end":{"line":77,"column":null}},"13":{"start":{"line":80,"column":8},"end":{"line":80,"column":null}},"14":{"start":{"line":81,"column":8},"end":{"line":81,"column":null}},"15":{"start":{"line":89,"column":8},"end":{"line":89,"column":null}},"16":{"start":{"line":93,"column":2},"end":{"line":93,"column":null}},"17":{"start":{"line":122,"column":28},"end":{"line":122,"column":null}},"18":{"start":{"line":123,"column":29},"end":{"line":123,"column":null}},"19":{"start":{"line":125,"column":2},"end":{"line":135,"column":null}},"20":{"start":{"line":148,"column":2},"end":{"line":152,"column":null}},"21":{"start":{"line":176,"column":2},"end":{"line":182,"column":null}},"22":{"start":{"line":206,"column":25},"end":{"line":206,"column":null}},"23":{"start":{"line":209,"column":35},"end":{"line":212,"column":null}},"24":{"start":{"line":215,"column":22},"end":{"line":215,"column":null}},"25":{"start":{"line":216,"column":25},"end":{"line":219,"column":null}},"26":{"start":{"line":221,"column":2},"end":{"line":225,"column":null}}},"fnMap":{"0":{"name":"calculateProduction","decl":{"start":{"line":49,"column":16},"end":{"line":49,"column":36}},"loc":{"start":{"line":49,"column":70},"end":{"line":94,"column":null}},"line":49},"1":{"name":"applyIncomeMultiplier","decl":{"start":{"line":117,"column":16},"end":{"line":117,"column":null}},"loc":{"start":{"line":120,"column":22},"end":{"line":136,"column":null}},"line":120},"2":{"name":"calculateMaintenanceCost","decl":{"start":{"line":147,"column":16},"end":{"line":147,"column":41}},"loc":{"start":{"line":147,"column":79},"end":{"line":153,"column":null}},"line":147},"3":{"name":"calculateNetResourceDelta","decl":{"start":{"line":172,"column":16},"end":{"line":172,"column":null}},"loc":{"start":{"line":175,"column":17},"end":{"line":183,"column":null}},"line":175},"4":{"name":"processTurnResources","decl":{"start":{"line":201,"column":16},"end":{"line":201,"column":null}},"loc":{"start":{"line":204,"column":22},"end":{"line":226,"column":null}},"line":204}},"branchMap":{"0":{"loc":{"start":{"line":61,"column":4},"end":{"line":90,"column":null}},"type":"switch","locations":[{"start":{"line":62,"column":6},"end":{"line":64,"column":null}},{"start":{"line":66,"column":6},"end":{"line":68,"column":null}},{"start":{"line":70,"column":6},"end":{"line":72,"column":null}},{"start":{"line":74,"column":6},"end":{"line":74,"column":null}},{"start":{"line":75,"column":6},"end":{"line":77,"column":null}},{"start":{"line":79,"column":6},"end":{"line":81,"column":null}},{"start":{"line":84,"column":6},"end":{"line":84,"column":null}},{"start":{"line":85,"column":6},"end":{"line":85,"column":null}},{"start":{"line":86,"column":6},"end":{"line":86,"column":null}},{"start":{"line":87,"column":6},"end":{"line":89,"column":null}}],"line":61}},"s":{"0":2,"1":22,"2":22,"3":97,"4":97,"5":11,"6":11,"7":7,"8":7,"9":4,"10":4,"11":64,"12":64,"13":5,"14":5,"15":6,"16":22,"17":14,"18":14,"19":14,"20":15,"21":10,"22":8,"23":8,"24":8,"25":8,"26":8},"f":{"0":22,"1":14,"2":15,"3":10,"4":8},"b":{"0":[11,7,4,59,64,5,3,4,5,6]},"meta":{"lastBranch":1,"lastFunction":5,"lastStatement":27,"seen":{"s:25:39:25:Infinity":0,"f:49:16:49:36":0,"s:50:36:56:Infinity":1,"s:58:2:91:Infinity":2,"s:59:27:59:Infinity":3,"b:62:6:64:Infinity:66:6:68:Infinity:70:6:72:Infinity:74:6:74:Infinity:75:6:77:Infinity:79:6:81:Infinity:84:6:84:Infinity:85:6:85:Infinity:86:6:86:Infinity:87:6:89:Infinity":0,"s:61:4:90:Infinity":4,"s:63:8:63:Infinity":5,"s:64:8:64:Infinity":6,"s:67:8:67:Infinity":7,"s:68:8:68:Infinity":8,"s:71:8:71:Infinity":9,"s:72:8:72:Infinity":10,"s:76:8:76:Infinity":11,"s:77:8:77:Infinity":12,"s:80:8:80:Infinity":13,"s:81:8:81:Infinity":14,"s:89:8:89:Infinity":15,"s:93:2:93:Infinity":16,"f:117:16:117:Infinity":1,"s:122:28:122:Infinity":17,"s:123:29:123:Infinity":18,"s:125:2:135:Infinity":19,"f:147:16:147:41":2,"s:148:2:152:Infinity":20,"f:172:16:172:Infinity":3,"s:176:2:182:Infinity":21,"f:201:16:201:Infinity":4,"s:206:25:206:Infinity":22,"s:209:35:212:Infinity":23,"s:215:22:215:Infinity":24,"s:216:25:219:Infinity":25,"s:221:2:225:Infinity":26}}}
,"C:\\dev\\GIT\\x-imperium\\src\\lib\\game\\services\\unit-service.ts": {"path":"C:\\dev\\GIT\\x-imperium\\src\\lib\\game\\services\\unit-service.ts","statementMap":{"0":{"start":{"line":74,"column":27},"end":{"line":74,"column":null}},"1":{"start":{"line":77,"column":21},"end":{"line":77,"column":null}},"2":{"start":{"line":78,"column":25},"end":{"line":78,"column":null}},"3":{"start":{"line":81,"column":33},"end":{"line":81,"column":null}},"4":{"start":{"line":82,"column":36},"end":{"line":82,"column":null}},"5":{"start":{"line":83,"column":24},"end":{"line":83,"column":null}},"6":{"start":{"line":86,"column":2},"end":{"line":88,"column":null}},"7":{"start":{"line":87,"column":4},"end":{"line":87,"column":null}},"8":{"start":{"line":91,"column":2},"end":{"line":93,"column":null}},"9":{"start":{"line":92,"column":4},"end":{"line":92,"column":null}},"10":{"start":{"line":96,"column":2},"end":{"line":100,"column":null}},"11":{"start":{"line":97,"column":4},"end":{"line":99,"column":null}},"12":{"start":{"line":103,"column":2},"end":{"line":107,"column":null}},"13":{"start":{"line":104,"column":4},"end":{"line":106,"column":null}},"14":{"start":{"line":109,"column":2},"end":{"line":117,"column":null}},"15":{"start":{"line":131,"column":2},"end":{"line":136,"column":null}},"16":{"start":{"line":132,"column":4},"end":{"line":135,"column":null}},"17":{"start":{"line":138,"column":2},"end":{"line":138,"column":null}},"18":{"start":{"line":172,"column":68},"end":{"line":172,"column":null}},"19":{"start":{"line":177,"column":18},"end":{"line":177,"column":null}},"20":{"start":{"line":179,"column":2},"end":{"line":184,"column":null}},"21":{"start":{"line":180,"column":18},"end":{"line":180,"column":null}},"22":{"start":{"line":181,"column":17},"end":{"line":181,"column":null}},"23":{"start":{"line":182,"column":4},"end":{"line":182,"column":null}},"24":{"start":{"line":183,"column":4},"end":{"line":183,"column":null}},"25":{"start":{"line":186,"column":2},"end":{"line":189,"column":null}},"26":{"start":{"line":210,"column":21},"end":{"line":210,"column":null}},"27":{"start":{"line":211,"column":24},"end":{"line":211,"column":null}},"28":{"start":{"line":213,"column":2},"end":{"line":218,"column":null}},"29":{"start":{"line":230,"column":2},"end":{"line":235,"column":null}},"30":{"start":{"line":232,"column":6},"end":{"line":232,"column":null}},"31":{"start":{"line":234,"column":6},"end":{"line":234,"column":null}},"32":{"start":{"line":242,"column":2},"end":{"line":245,"column":null}},"33":{"start":{"line":243,"column":21},"end":{"line":243,"column":null}},"34":{"start":{"line":244,"column":4},"end":{"line":244,"column":null}},"35":{"start":{"line":252,"column":2},"end":{"line":255,"column":null}},"36":{"start":{"line":253,"column":21},"end":{"line":253,"column":null}},"37":{"start":{"line":254,"column":4},"end":{"line":254,"column":null}}},"fnMap":{"0":{"name":"validateBuild","decl":{"start":{"line":67,"column":16},"end":{"line":67,"column":null}},"loc":{"start":{"line":73,"column":19},"end":{"line":118,"column":null}},"line":73},"1":{"name":"isUnitLocked","decl":{"start":{"line":127,"column":16},"end":{"line":127,"column":null}},"loc":{"start":{"line":130,"column":42},"end":{"line":139,"column":null}},"line":130},"2":{"name":"calculateUnitMaintenance","decl":{"start":{"line":171,"column":16},"end":{"line":171,"column":41}},"loc":{"start":{"line":171,"column":86},"end":{"line":190,"column":null}},"line":171},"3":{"name":"calculateTotalMaintenance","decl":{"start":{"line":200,"column":16},"end":{"line":200,"column":null}},"loc":{"start":{"line":209,"column":2},"end":{"line":219,"column":null}},"line":209},"4":{"name":"getRequiredResearchLevel","decl":{"start":{"line":229,"column":16},"end":{"line":229,"column":41}},"loc":{"start":{"line":229,"column":69},"end":{"line":236,"column":null}},"line":229},"5":{"name":"getAvailableUnits","decl":{"start":{"line":241,"column":16},"end":{"line":241,"column":34}},"loc":{"start":{"line":241,"column":69},"end":{"line":246,"column":null}},"line":241},"6":{"name":"(anonymous_6)","decl":{"start":{"line":242,"column":27},"end":{"line":242,"column":28}},"loc":{"start":{"line":242,"column":41},"end":{"line":245,"column":3}},"line":242},"7":{"name":"getLockedUnits","decl":{"start":{"line":251,"column":16},"end":{"line":251,"column":31}},"loc":{"start":{"line":251,"column":66},"end":{"line":256,"column":null}},"line":251},"8":{"name":"(anonymous_8)","decl":{"start":{"line":252,"column":27},"end":{"line":252,"column":28}},"loc":{"start":{"line":252,"column":41},"end":{"line":255,"column":3}},"line":252}},"branchMap":{"0":{"loc":{"start":{"line":86,"column":2},"end":{"line":88,"column":null}},"type":"if","locations":[{"start":{"line":86,"column":2},"end":{"line":88,"column":null}},{"start":{},"end":{}}],"line":86},"1":{"loc":{"start":{"line":86,"column":6},"end":{"line":86,"column":57}},"type":"binary-expr","locations":[{"start":{"line":86,"column":6},"end":{"line":86,"column":38}},{"start":{"line":86,"column":38},"end":{"line":86,"column":57}}],"line":86},"2":{"loc":{"start":{"line":91,"column":2},"end":{"line":93,"column":null}},"type":"if","locations":[{"start":{"line":91,"column":2},"end":{"line":93,"column":null}},{"start":{},"end":{}}],"line":91},"3":{"loc":{"start":{"line":96,"column":2},"end":{"line":100,"column":null}},"type":"if","locations":[{"start":{"line":96,"column":2},"end":{"line":100,"column":null}},{"start":{},"end":{}}],"line":96},"4":{"loc":{"start":{"line":103,"column":2},"end":{"line":107,"column":null}},"type":"if","locations":[{"start":{"line":103,"column":2},"end":{"line":107,"column":null}},{"start":{},"end":{}}],"line":103},"5":{"loc":{"start":{"line":131,"column":2},"end":{"line":136,"column":null}},"type":"if","locations":[{"start":{"line":131,"column":2},"end":{"line":136,"column":null}},{"start":{},"end":{}}],"line":131},"6":{"loc":{"start":{"line":131,"column":6},"end":{"line":131,"column":57}},"type":"binary-expr","locations":[{"start":{"line":131,"column":6},"end":{"line":131,"column":38}},{"start":{"line":131,"column":38},"end":{"line":131,"column":57}}],"line":131},"7":{"loc":{"start":{"line":203,"column":2},"end":{"line":203,"column":null}},"type":"default-arg","locations":[{"start":{"line":203,"column":34},"end":{"line":203,"column":null}}],"line":203},"8":{"loc":{"start":{"line":230,"column":2},"end":{"line":235,"column":null}},"type":"switch","locations":[{"start":{"line":231,"column":4},"end":{"line":232,"column":null}},{"start":{"line":233,"column":4},"end":{"line":234,"column":null}}],"line":230}},"s":{"0":20,"1":20,"2":20,"3":20,"4":20,"5":20,"6":20,"7":3,"8":20,"9":2,"10":20,"11":3,"12":20,"13":3,"14":20,"15":14,"16":6,"17":8,"18":10,"19":10,"20":10,"21":70,"22":70,"23":70,"24":70,"25":10,"26":5,"27":5,"28":5,"29":42,"30":6,"31":36,"32":3,"33":21,"34":21,"35":2,"36":14,"37":14},"f":{"0":20,"1":14,"2":10,"3":5,"4":42,"5":3,"6":21,"7":2,"8":14},"b":{"0":[3,17],"1":[20,7],"2":[2,18],"3":[3,17],"4":[3,17],"5":[6,8],"6":[14,10],"7":[5],"8":[6,36]},"meta":{"lastBranch":9,"lastFunction":9,"lastStatement":38,"seen":{"f:67:16:67:Infinity":0,"s:74:27:74:Infinity":0,"s:77:21:77:Infinity":1,"s:78:25:78:Infinity":2,"s:81:33:81:Infinity":3,"s:82:36:82:Infinity":4,"s:83:24:83:Infinity":5,"b:86:2:88:Infinity:undefined:undefined:undefined:undefined":0,"s:86:2:88:Infinity":6,"b:86:6:86:38:86:38:86:57":1,"s:87:4:87:Infinity":7,"b:91:2:93:Infinity:undefined:undefined:undefined:undefined":2,"s:91:2:93:Infinity":8,"s:92:4:92:Infinity":9,"b:96:2:100:Infinity:undefined:undefined:undefined:undefined":3,"s:96:2:100:Infinity":10,"s:97:4:99:Infinity":11,"b:103:2:107:Infinity:undefined:undefined:undefined:undefined":4,"s:103:2:107:Infinity":12,"s:104:4:106:Infinity":13,"s:109:2:117:Infinity":14,"f:127:16:127:Infinity":1,"b:131:2:136:Infinity:undefined:undefined:undefined:undefined":5,"s:131:2:136:Infinity":15,"b:131:6:131:38:131:38:131:57":6,"s:132:4:135:Infinity":16,"s:138:2:138:Infinity":17,"f:171:16:171:41":2,"s:172:68:172:Infinity":18,"s:177:18:177:Infinity":19,"s:179:2:184:Infinity":20,"s:180:18:180:Infinity":21,"s:181:17:181:Infinity":22,"s:182:4:182:Infinity":23,"s:183:4:183:Infinity":24,"s:186:2:189:Infinity":25,"f:200:16:200:Infinity":3,"b:203:34:203:Infinity":7,"s:210:21:210:Infinity":26,"s:211:24:211:Infinity":27,"s:213:2:218:Infinity":28,"f:229:16:229:41":4,"b:231:4:232:Infinity:233:4:234:Infinity":8,"s:230:2:235:Infinity":29,"s:232:6:232:Infinity":30,"s:234:6:234:Infinity":31,"f:241:16:241:34":5,"s:242:2:245:Infinity":32,"f:242:27:242:28":6,"s:243:21:243:Infinity":33,"s:244:4:244:Infinity":34,"f:251:16:251:31":7,"s:252:2:255:Infinity":35,"f:252:27:252:28":8,"s:253:21:253:Infinity":36,"s:254:4:254:Infinity":37}}}
}
