{"total": {"lines":{"total":655,"covered":608,"skipped":0,"pct":92.82},"statements":{"total":685,"covered":630,"skipped":0,"pct":91.97},"functions":{"total":108,"covered":101,"skipped":0,"pct":93.51},"branches":{"total":357,"covered":299,"skipped":0,"pct":83.75},"branchesTrue":{"total":0,"covered":0,"skipped":0,"pct":100}}
,"C:\\dev\\GIT\\x-imperium\\src\\lib\\combat\\effectiveness.ts": {"lines":{"total":41,"covered":21,"skipped":0,"pct":51.21},"functions":{"total":6,"covered":4,"skipped":0,"pct":66.66},"statements":{"total":48,"covered":21,"skipped":0,"pct":43.75},"branches":{"total":33,"covered":10,"skipped":0,"pct":30.3}}
,"C:\\dev\\GIT\\x-imperium\\src\\lib\\combat\\phases.ts": {"lines":{"total":161,"covered":144,"skipped":0,"pct":89.44},"functions":{"total":17,"covered":17,"skipped":0,"pct":100},"statements":{"total":162,"covered":145,"skipped":0,"pct":89.5},"branches":{"total":91,"covered":70,"skipped":0,"pct":76.92}}
,"C:\\dev\\GIT\\x-imperium\\src\\lib\\formulas\\army-effectiveness.ts": {"lines":{"total":41,"covered":40,"skipped":0,"pct":97.56},"functions":{"total":8,"covered":8,"skipped":0,"pct":100},"statements":{"total":41,"covered":40,"skipped":0,"pct":97.56},"branches":{"total":16,"covered":13,"skipped":0,"pct":81.25}}
,"C:\\dev\\GIT\\x-imperium\\src\\lib\\formulas\\casualties.ts": {"lines":{"total":34,"covered":34,"skipped":0,"pct":100},"functions":{"total":5,"covered":5,"skipped":0,"pct":100},"statements":{"total":34,"covered":34,"skipped":0,"pct":100},"branches":{"total":17,"covered":17,"skipped":0,"pct":100}}
,"C:\\dev\\GIT\\x-imperium\\src\\lib\\formulas\\combat-power.ts": {"lines":{"total":28,"covered":28,"skipped":0,"pct":100},"functions":{"total":5,"covered":5,"skipped":0,"pct":100},"statements":{"total":34,"covered":34,"skipped":0,"pct":100},"branches":{"total":23,"covered":23,"skipped":0,"pct":100}}
,"C:\\dev\\GIT\\x-imperium\\src\\lib\\formulas\\planet-costs.ts": {"lines":{"total":30,"covered":30,"skipped":0,"pct":100},"functions":{"total":5,"covered":5,"skipped":0,"pct":100},"statements":{"total":31,"covered":31,"skipped":0,"pct":100},"branches":{"total":14,"covered":14,"skipped":0,"pct":100}}
,"C:\\dev\\GIT\\x-imperium\\src\\lib\\formulas\\population.ts": {"lines":{"total":38,"covered":38,"skipped":0,"pct":100},"functions":{"total":6,"covered":6,"skipped":0,"pct":100},"statements":{"total":38,"covered":38,"skipped":0,"pct":100},"branches":{"total":16,"covered":16,"skipped":0,"pct":100}}
,"C:\\dev\\GIT\\x-imperium\\src\\lib\\formulas\\research-costs.ts": {"lines":{"total":45,"covered":44,"skipped":0,"pct":97.77},"functions":{"total":6,"covered":6,"skipped":0,"pct":100},"statements":{"total":49,"covered":48,"skipped":0,"pct":97.95},"branches":{"total":21,"covered":20,"skipped":0,"pct":95.23}}
,"C:\\dev\\GIT\\x-imperium\\src\\lib\\game\\build-config.ts": {"lines":{"total":12,"covered":9,"skipped":0,"pct":75},"functions":{"total":4,"covered":1,"skipped":0,"pct":25},"statements":{"total":12,"covered":9,"skipped":0,"pct":75},"branches":{"total":2,"covered":2,"skipped":0,"pct":100}}
,"C:\\dev\\GIT\\x-imperium\\src\\lib\\game\\constants.ts": {"lines":{"total":12,"covered":12,"skipped":0,"pct":100},"functions":{"total":1,"covered":1,"skipped":0,"pct":100},"statements":{"total":12,"covered":12,"skipped":0,"pct":100},"branches":{"total":0,"covered":0,"skipped":0,"pct":100}}
,"C:\\dev\\GIT\\x-imperium\\src\\lib\\game\\networth.ts": {"lines":{"total":4,"covered":4,"skipped":0,"pct":100},"functions":{"total":2,"covered":2,"skipped":0,"pct":100},"statements":{"total":4,"covered":4,"skipped":0,"pct":100},"branches":{"total":0,"covered":0,"skipped":0,"pct":100}}
,"C:\\dev\\GIT\\x-imperium\\src\\lib\\game\\unit-config.ts": {"lines":{"total":15,"covered":15,"skipped":0,"pct":100},"functions":{"total":5,"covered":5,"skipped":0,"pct":100},"statements":{"total":17,"covered":17,"skipped":0,"pct":100},"branches":{"total":4,"covered":4,"skipped":0,"pct":100}}
,"C:\\dev\\GIT\\x-imperium\\src\\lib\\game\\upgrade-config.ts": {"lines":{"total":22,"covered":22,"skipped":0,"pct":100},"functions":{"total":4,"covered":4,"skipped":0,"pct":100},"statements":{"total":23,"covered":23,"skipped":0,"pct":100},"branches":{"total":12,"covered":9,"skipped":0,"pct":75}}
,"C:\\dev\\GIT\\x-imperium\\src\\lib\\game\\services\\civil-status.ts": {"lines":{"total":70,"covered":65,"skipped":0,"pct":92.85},"functions":{"total":16,"covered":14,"skipped":0,"pct":87.5},"statements":{"total":78,"covered":72,"skipped":0,"pct":92.3},"branches":{"total":60,"covered":54,"skipped":0,"pct":90}}
,"C:\\dev\\GIT\\x-imperium\\src\\lib\\game\\services\\population.ts": {"lines":{"total":37,"covered":37,"skipped":0,"pct":100},"functions":{"total":4,"covered":4,"skipped":0,"pct":100},"statements":{"total":37,"covered":37,"skipped":0,"pct":100},"branches":{"total":21,"covered":20,"skipped":0,"pct":95.23}}
,"C:\\dev\\GIT\\x-imperium\\src\\lib\\game\\services\\resource-engine.ts": {"lines":{"total":27,"covered":27,"skipped":0,"pct":100},"functions":{"total":5,"covered":5,"skipped":0,"pct":100},"statements":{"total":27,"covered":27,"skipped":0,"pct":100},"branches":{"total":10,"covered":10,"skipped":0,"pct":100}}
,"C:\\dev\\GIT\\x-imperium\\src\\lib\\game\\services\\unit-service.ts": {"lines":{"total":38,"covered":38,"skipped":0,"pct":100},"functions":{"total":9,"covered":9,"skipped":0,"pct":100},"statements":{"total":38,"covered":38,"skipped":0,"pct":100},"branches":{"total":17,"covered":17,"skipped":0,"pct":100}}
}
