TN:
SF:src\lib\combat\effectiveness.ts
FN:119,getUnitEffectiveness
FN:141,canParticipate
FN:151,getParticipatingUnits
FN:168,getPrimaryPhase
FN:194,calculatePhaseEffectivePower
FN:212,getPhaseRoleDescription
FNF:6
FNH:4
FNDA:394,getUnitEffectiveness
FNDA:6,canParticipate
FNDA:3,getParticipatingUnits
FNDA:6,getPrimaryPhase
FNDA:0,calculatePhaseEffectivePower
FNDA:0,getPhaseRoleDescription
DA:33,2
DA:53,2
DA:99,2
DA:124,394
DA:127,394
DA:128,12
DA:131,382
DA:142,6
DA:152,3
DA:153,3
DA:154,18
DA:155,10
DA:158,3
DA:169,6
DA:170,6
DA:171,6
DA:173,6
DA:174,30
DA:175,7
DA:176,7
DA:180,6
DA:201,0
DA:202,0
DA:216,0
DA:218,0
DA:220,0
DA:221,0
DA:222,0
DA:224,0
DA:225,0
DA:227,0
DA:228,0
DA:230,0
DA:231,0
DA:232,0
DA:234,0
DA:235,0
DA:237,0
DA:240,0
DA:241,0
DA:244,0
LF:41
LH:21
BRDA:122,0,0,394
BRDA:127,1,0,12
BRDA:127,1,1,382
BRDA:127,2,0,394
BRDA:127,2,1,67
BRDA:127,2,2,31
BRDA:154,3,0,10
BRDA:154,3,1,8
BRDA:174,4,0,7
BRDA:174,4,1,23
BRDA:199,5,0,0
BRDA:218,6,0,0
BRDA:218,6,1,0
BRDA:218,6,2,0
BRDA:218,6,3,0
BRDA:218,6,4,0
BRDA:218,6,5,0
BRDA:220,7,0,0
BRDA:220,7,1,0
BRDA:221,8,0,0
BRDA:221,8,1,0
BRDA:224,9,0,0
BRDA:224,9,1,0
BRDA:227,10,0,0
BRDA:227,10,1,0
BRDA:230,11,0,0
BRDA:230,11,1,0
BRDA:231,12,0,0
BRDA:231,12,1,0
BRDA:234,13,0,0
BRDA:234,13,1,0
BRDA:240,14,0,0
BRDA:240,14,1,0
BRF:33
BRH:10
end_of_record
TN:
SF:src\lib\combat\phases.ts
FN:113,calculateSpacePhasePower
FN:139,calculateOrbitalPhasePower
FN:168,calculateGroundPhasePower
FN:198,calculatePhaseCasualties
FN:229,applyPhraseCasualties
FN:248,resolveSpaceCombat
FN:310,resolveOrbitalCombat
FN:370,resolveGroundCombat
FN:439,resolveInvasion
FN:504,resolveGuerillaAttack
FN:552,resolveRetreat
FN:580,createEmptyForces
FN:591,sumCasualties
FN:607,createCombatResult
FN:649,generatePhaseDescription
FN:674,generateCombatSummary
FN:683,(anonymous_16)
FNF:17
FNH:17
FNDA:20,calculateSpacePhasePower
FNDA:13,calculateOrbitalPhasePower
FNDA:14,calculateGroundPhasePower
FNDA:36,calculatePhaseCasualties
FNDA:36,applyPhraseCasualties
FNDA:8,resolveSpaceCombat
FNDA:5,resolveOrbitalCombat
FNDA:5,resolveGroundCombat
FNDA:6,resolveInvasion
FNDA:2,resolveGuerillaAttack
FNDA:2,resolveRetreat
FNDA:18,createEmptyForces
FNDA:16,sumCasualties
FNDA:8,createCombatResult
FNDA:18,generatePhaseDescription
FNDA:8,generateCombatSummary
FNDA:2,(anonymous_16)
DA:96,1
DA:97,1
DA:100,1
DA:103,1
DA:114,20
DA:117,20
DA:120,20
DA:123,20
DA:125,20
DA:128,20
DA:129,9
DA:132,20
DA:140,13
DA:143,13
DA:146,13
DA:149,13
DA:152,13
DA:154,13
DA:157,13
DA:158,6
DA:161,13
DA:169,14
DA:172,14
DA:175,14
DA:178,14
DA:180,14
DA:183,14
DA:184,6
DA:187,14
DA:206,36
DA:207,36
DA:209,36
DA:212,36
DA:214,36
DA:215,216
DA:216,216
DA:218,61
DA:219,61
DA:223,36
DA:230,36
DA:253,8
DA:254,8
DA:257,8
DA:260,8
DA:261,5
DA:262,3
DA:263,3
DA:265,0
DA:269,8
DA:278,8
DA:287,8
DA:288,8
DA:290,8
DA:315,5
DA:316,5
DA:318,5
DA:321,5
DA:322,5
DA:323,0
DA:324,0
DA:326,0
DA:329,5
DA:338,5
DA:347,5
DA:348,5
DA:350,5
DA:375,5
DA:376,5
DA:378,5
DA:381,5
DA:382,5
DA:383,0
DA:384,0
DA:386,0
DA:389,5
DA:398,5
DA:407,5
DA:408,5
DA:410,5
DA:445,6
DA:446,6
DA:447,6
DA:450,6
DA:451,6
DA:453,1
DA:457,6
DA:458,6
DA:459,6
DA:460,6
DA:463,6
DA:464,2
DA:468,4
DA:469,4
DA:470,4
DA:471,4
DA:474,4
DA:475,0
DA:479,4
DA:480,4
DA:484,4
DA:486,4
DA:487,4
DA:489,4
DA:491,4
DA:492,0
DA:493,0
DA:495,0
DA:498,4
DA:509,2
DA:518,2
DA:519,2
DA:521,2
DA:522,2
DA:524,2
DA:525,2
DA:527,2
DA:529,2
DA:544,2
DA:546,2
DA:553,2
DA:562,2
DA:573,2
DA:581,18
DA:592,16
DA:594,16
DA:595,32
DA:596,32
DA:597,32
DA:598,32
DA:599,32
DA:600,32
DA:601,32
DA:604,16
DA:613,8
DA:614,8
DA:620,8
DA:621,6
DA:622,6
DA:623,2
DA:624,2
DA:625,2
DA:627,0
DA:628,0
DA:631,8
DA:632,8
DA:635,8
DA:637,8
DA:655,18
DA:663,18
DA:665,18
DA:666,15
DA:667,3
DA:668,3
DA:670,0
DA:679,8
DA:681,6
DA:683,2
DA:684,2
DA:686,0
DA:688,0
DA:690,0
LF:161
LH:144
BRDA:128,0,0,9
BRDA:128,0,1,11
BRDA:157,1,0,6
BRDA:157,1,1,7
BRDA:183,2,0,6
BRDA:183,2,1,8
BRDA:216,3,0,61
BRDA:216,3,1,155
BRDA:216,4,0,216
BRDA:216,4,1,118
BRDA:231,5,0,36
BRDA:231,5,1,27
BRDA:232,6,0,36
BRDA:232,6,1,21
BRDA:233,7,0,36
BRDA:233,7,1,33
BRDA:234,8,0,36
BRDA:234,8,1,17
BRDA:235,9,0,36
BRDA:235,9,1,21
BRDA:236,10,0,36
BRDA:236,10,1,36
BRDA:257,11,0,5
BRDA:257,11,1,3
BRDA:260,12,0,5
BRDA:260,12,1,3
BRDA:262,13,0,3
BRDA:262,13,1,0
BRDA:318,14,0,2
BRDA:318,14,1,3
BRDA:321,15,0,5
BRDA:321,15,1,0
BRDA:323,16,0,0
BRDA:323,16,1,0
BRDA:378,17,0,4
BRDA:378,17,1,1
BRDA:381,18,0,5
BRDA:381,18,1,0
BRDA:383,19,0,0
BRDA:383,19,1,0
BRDA:451,20,0,1
BRDA:451,20,1,5
BRDA:463,21,0,2
BRDA:463,21,1,4
BRDA:474,22,0,0
BRDA:474,22,1,4
BRDA:486,23,0,4
BRDA:486,23,1,0
BRDA:490,24,0,4
BRDA:490,24,1,0
BRDA:492,25,0,0
BRDA:492,25,1,0
BRDA:527,26,0,2
BRDA:527,26,1,0
BRDA:541,27,0,2
BRDA:541,27,1,0
BRDA:544,28,0,2
BRDA:544,28,1,0
BRDA:595,29,0,16
BRDA:595,29,1,16
BRDA:596,30,0,32
BRDA:596,30,1,21
BRDA:597,31,0,32
BRDA:597,31,1,18
BRDA:598,32,0,32
BRDA:598,32,1,30
BRDA:599,33,0,32
BRDA:599,33,1,18
BRDA:600,34,0,32
BRDA:600,34,1,20
BRDA:601,35,0,32
BRDA:601,35,1,32
BRDA:620,36,0,6
BRDA:620,36,1,2
BRDA:623,37,0,2
BRDA:623,37,1,0
BRDA:663,38,0,11
BRDA:663,38,1,7
BRDA:665,39,0,15
BRDA:665,39,1,3
BRDA:667,40,0,3
BRDA:667,40,1,0
BRDA:679,41,0,6
BRDA:679,41,1,2
BRDA:679,41,2,0
BRDA:679,41,3,0
BRDA:679,41,4,0
BRDA:681,42,0,4
BRDA:681,42,1,2
BRDA:684,43,0,2
BRDA:684,43,1,0
BRF:91
BRH:70
end_of_record
TN:
SF:src\lib\formulas\army-effectiveness.ts
FN:61,clampEffectiveness
FN:72,calculateCombatEffectivenessChange
FN:99,applyEffectivenessRecovery
FN:110,applyMaintenancePenalty
FN:123,updateEffectiveness
FN:157,calculateCombatModifier
FN:169,calculateEffectivePower
FN:184,calculateRecoveryTurns
FNF:8
FNH:8
FNDA:37,clampEffectiveness
FNDA:25,calculateCombatEffectivenessChange
FNDA:6,applyEffectivenessRecovery
FNDA:4,applyMaintenancePenalty
FNDA:7,updateEffectiveness
FNDA:12,calculateCombatModifier
FNDA:5,calculateEffectivePower
FNDA:5,calculateRecoveryTurns
DA:16,2
DA:19,2
DA:22,2
DA:25,2
DA:28,2
DA:31,2
DA:34,2
DA:37,2
DA:62,37
DA:76,25
DA:78,13
DA:79,13
DA:81,13
DA:82,13
DA:85,11
DA:87,1
DA:89,0
DA:100,6
DA:101,6
DA:111,4
DA:112,4
DA:128,7
DA:130,7
DA:132,4
DA:133,4
DA:135,4
DA:137,1
DA:138,1
DA:140,1
DA:141,1
DA:143,1
DA:144,1
DA:147,7
DA:158,12
DA:159,12
DA:173,5
DA:174,5
DA:188,5
DA:189,2
DA:192,3
DA:193,3
LF:41
LH:40
BRDA:76,0,0,13
BRDA:76,0,1,11
BRDA:76,0,2,1
BRDA:76,0,3,0
BRDA:78,1,0,13
BRDA:78,1,1,9
BRDA:130,2,0,4
BRDA:130,2,1,1
BRDA:130,2,2,1
BRDA:130,2,3,1
BRDA:132,3,0,4
BRDA:132,3,1,0
BRDA:143,4,0,1
BRDA:143,4,1,0
BRDA:188,5,0,2
BRDA:188,5,1,3
BRF:16
BRH:13
end_of_record
TN:
SF:src\lib\formulas\casualties.ts
FN:58,calculateLossRate
FN:95,calculateVariance
FN:112,calculateCasualties
FN:135,calculateCombatCasualties
FN:155,calculateRetreatCasualties
FNF:5
FNH:5
FNDA:48,calculateLossRate
FNDA:45,calculateVariance
FNDA:77,calculateCasualties
FNDA:3,calculateCombatCasualties
FNDA:5,calculateRetreatCasualties
DA:16,2
DA:19,2
DA:22,2
DA:25,2
DA:28,2
DA:31,2
DA:34,2
DA:37,2
DA:40,2
DA:63,48
DA:64,8
DA:66,40
DA:67,8
DA:70,32
DA:71,32
DA:74,32
DA:75,9
DA:79,32
DA:80,10
DA:84,32
DA:96,45
DA:97,45
DA:98,45
DA:117,77
DA:118,3
DA:121,74
DA:122,74
DA:141,3
DA:142,3
DA:143,3
DA:153,2
DA:156,5
DA:157,2
DA:159,3
LF:34
LH:34
BRDA:63,0,0,8
BRDA:63,0,1,40
BRDA:66,1,0,8
BRDA:66,1,1,32
BRDA:74,2,0,9
BRDA:74,2,1,23
BRDA:79,3,0,10
BRDA:79,3,1,22
BRDA:96,4,0,45
BRDA:96,4,1,1
BRDA:115,5,0,77
BRDA:117,6,0,3
BRDA:117,6,1,74
BRDA:117,7,0,77
BRDA:117,7,1,75
BRDA:156,8,0,2
BRDA:156,8,1,3
BRF:17
BRH:17
end_of_record
TN:
SF:src\lib\formulas\combat-power.ts
FN:64,countUnitTypes
FN:81,hasDiversityBonus
FN:91,calculateDiversityBonus
FN:114,calculateFleetPower
FN:151,calculatePowerRatio
FNF:5
FNH:5
FNDA:36,countUnitTypes
FNDA:30,hasDiversityBonus
FNDA:25,calculateDiversityBonus
FNDA:21,calculateFleetPower
FNDA:4,calculatePowerRatio
DA:32,1
DA:42,1
DA:45,1
DA:48,1
DA:51,1
DA:65,36
DA:66,36
DA:67,36
DA:68,36
DA:69,36
DA:70,36
DA:71,36
DA:72,36
DA:82,30
DA:92,25
DA:120,21
DA:126,21
DA:129,21
DA:132,21
DA:133,21
DA:136,21
DA:137,8
DA:140,21
DA:155,4
DA:156,4
DA:159,4
DA:160,2
DA:163,2
LF:28
LH:28
BRDA:66,0,0,9
BRDA:66,0,1,27
BRDA:67,1,0,22
BRDA:67,1,1,14
BRDA:68,2,0,9
BRDA:68,2,1,27
BRDA:69,3,0,12
BRDA:69,3,1,24
BRDA:70,4,0,6
BRDA:70,4,1,30
BRDA:71,5,0,6
BRDA:71,5,1,30
BRDA:92,6,0,5
BRDA:92,6,1,20
BRDA:116,7,0,21
BRDA:126,8,0,8
BRDA:126,8,1,13
BRDA:136,9,0,8
BRDA:136,9,1,13
BRDA:159,10,0,2
BRDA:159,10,1,2
BRDA:160,11,0,1
BRDA:160,11,1,1
BRF:23
BRH:23
end_of_record
TN:
SF:src\lib\formulas\planet-costs.ts
FN:39,calculatePlanetCost
FN:67,calculateReleaseRefund
FN:82,getPlanetCostMultiplier
FN:98,calculateBulkPlanetCost
FN:122,calculateAffordablePlanets
FNF:5
FNH:5
FNDA:61,calculatePlanetCost
FNDA:10,calculateReleaseRefund
FNDA:5,getPlanetCostMultiplier
FNDA:5,calculateBulkPlanetCost
FNDA:8,calculateAffordablePlanets
DA:14,3
DA:17,3
DA:43,61
DA:44,1
DA:46,60
DA:47,1
DA:50,60
DA:51,60
DA:71,10
DA:72,10
DA:83,5
DA:84,1
DA:86,5
DA:103,5
DA:104,2
DA:107,3
DA:108,3
DA:109,5
DA:111,3
DA:127,8
DA:128,3
DA:131,5
DA:132,5
DA:134,5
DA:135,12
DA:136,12
DA:137,5
DA:139,7
DA:140,7
DA:143,5
LF:30
LH:30
BRDA:43,0,0,1
BRDA:43,0,1,60
BRDA:46,1,0,1
BRDA:46,1,1,59
BRDA:83,2,0,1
BRDA:83,2,1,4
BRDA:103,3,0,2
BRDA:103,3,1,3
BRDA:127,4,0,3
BRDA:127,4,1,5
BRDA:127,5,0,8
BRDA:127,5,1,6
BRDA:136,6,0,5
BRDA:136,6,1,7
BRF:14
BRH:14
end_of_record
TN:
SF:src\lib\formulas\population.ts
FN:43,calculateFoodConsumption
FN:56,calculateSupportablePopulation
FN:72,calculatePopulationGrowth
FN:110,calculateStarvationLoss
FN:143,calculateNetPopulationChange
FN:165,calculateNewPopulation
FNF:6
FNH:6
FNDA:28,calculateFoodConsumption
FNDA:4,calculateSupportablePopulation
FNDA:14,calculatePopulationGrowth
FNDA:14,calculateStarvationLoss
FNDA:8,calculateNetPopulationChange
FNDA:5,calculateNewPopulation
DA:15,1
DA:18,1
DA:21,1
DA:24,1
DA:44,28
DA:45,2
DA:47,26
DA:57,4
DA:58,2
DA:60,2
DA:77,14
DA:78,2
DA:82,12
DA:83,3
DA:87,9
DA:88,9
DA:90,9
DA:91,4
DA:95,5
DA:96,5
DA:97,5
DA:99,5
DA:114,14
DA:115,1
DA:118,13
DA:119,13
DA:121,13
DA:122,7
DA:126,6
DA:127,6
DA:130,6
DA:131,6
DA:148,8
DA:153,8
DA:154,8
DA:170,5
DA:175,5
DA:176,5
LF:38
LH:38
BRDA:44,0,0,2
BRDA:44,0,1,26
BRDA:57,1,0,2
BRDA:57,1,1,2
BRDA:77,2,0,2
BRDA:77,2,1,12
BRDA:77,3,0,14
BRDA:77,3,1,13
BRDA:82,4,0,3
BRDA:82,4,1,9
BRDA:90,5,0,4
BRDA:90,5,1,5
BRDA:114,6,0,1
BRDA:114,6,1,13
BRDA:121,7,0,7
BRDA:121,7,1,6
BRF:16
BRH:16
end_of_record
TN:
SF:src\lib\formulas\research-costs.ts
FN:42,calculateResearchCost
FN:60,calculateTotalResearchCost
FN:79,calculateResearchUpgradeCost
FN:100,calculateMaxResearchLevel
FN:130,calculateResearchProgress
FN:152,calculateTurnsToResearchLevel
FNF:6
FNH:6
FNDA:223,calculateResearchCost
FNDA:7,calculateTotalResearchCost
FNDA:10,calculateResearchUpgradeCost
FNDA:7,calculateMaxResearchLevel
FNDA:11,calculateResearchProgress
FNDA:7,calculateTurnsToResearchLevel
DA:14,4
DA:17,4
DA:20,4
DA:43,223
DA:44,2
DA:46,221
DA:47,1
DA:50,221
DA:51,221
DA:61,7
DA:62,2
DA:65,5
DA:66,5
DA:67,61
DA:69,5
DA:83,10
DA:84,10
DA:86,5
DA:87,5
DA:88,8
DA:90,5
DA:104,7
DA:105,3
DA:108,4
DA:109,4
DA:111,4
DA:112,59
DA:113,59
DA:114,3
DA:116,56
DA:117,56
DA:120,4
DA:134,11
DA:135,11
DA:136,0
DA:139,11
DA:140,11
DA:158,7
DA:159,1
DA:161,6
DA:162,2
DA:166,4
DA:167,4
DA:171,4
DA:173,4
LF:45
LH:44
BRDA:43,0,0,2
BRDA:43,0,1,221
BRDA:46,1,0,1
BRDA:46,1,1,220
BRDA:61,2,0,2
BRDA:61,2,1,5
BRDA:83,3,0,1
BRDA:83,3,1,9
BRDA:84,4,0,5
BRDA:84,4,1,5
BRDA:102,5,0,7
BRDA:104,6,0,3
BRDA:104,6,1,4
BRDA:113,7,0,3
BRDA:113,7,1,56
BRDA:135,8,0,0
BRDA:135,8,1,11
BRDA:158,9,0,1
BRDA:158,9,1,6
BRDA:161,10,0,2
BRDA:161,10,1,4
BRF:21
BRH:20
end_of_record
TN:
SF:src\lib\game\build-config.ts
FN:56,toDbUnitType
FN:63,fromDbUnitType
FN:107,getBuildTime
FN:119,calculateBuildCancelRefund
FNF:4
FNH:1
FNDA:0,toDbUnitType
FNDA:0,fromDbUnitType
FNDA:0,getBuildTime
FNDA:4,calculateBuildCancelRefund
DA:30,3
DA:43,3
DA:57,0
DA:64,0
DA:75,3
DA:92,3
DA:98,3
DA:108,0
DA:126,4
DA:127,2
DA:131,2
DA:132,2
LF:12
LH:9
BRDA:126,0,0,2
BRDA:126,0,1,2
BRF:2
BRH:2
end_of_record
TN:
SF:src\lib\game\constants.ts
FN:97,(anonymous_0)
FNF:1
FNH:1
FNDA:21,(anonymous_0)
DA:14,3
DA:26,3
DA:40,3
DA:50,3
DA:67,3
DA:86,3
DA:96,3
DA:97,21
DA:105,3
DA:122,3
DA:137,3
DA:152,3
LF:12
LH:12
BRF:0
BRH:0
end_of_record
TN:
SF:src\lib\game\networth.ts
FN:43,calculateNetworth
FN:64,calculateStartingNetworth
FNF:2
FNH:2
FNDA:24,calculateNetworth
FNDA:2,calculateStartingNetworth
DA:26,4
DA:45,24
DA:55,24
DA:65,2
LF:4
LH:4
BRF:0
BRH:0
end_of_record
TN:
SF:src\lib\game\unit-config.ts
FN:146,calculateUnitPurchaseCost
FN:156,calculateUnitPopulationCost
FN:166,calculateUnitMaintenanceCost
FN:176,calculateAffordableUnits
FN:187,calculateTrainableUnits
FNF:5
FNH:5
FNDA:5,calculateUnitPurchaseCost
FNDA:4,calculateUnitPopulationCost
FNDA:4,calculateUnitMaintenanceCost
FNDA:6,calculateAffordableUnits
FNDA:5,calculateTrainableUnits
DA:12,6
DA:31,6
DA:48,6
DA:66,6
DA:84,6
DA:101,6
DA:115,6
DA:129,6
DA:150,5
DA:160,4
DA:170,4
DA:180,6
DA:181,4
DA:191,5
DA:192,3
LF:15
LH:15
BRDA:180,0,0,2
BRDA:180,0,1,4
BRDA:191,1,0,2
BRDA:191,1,1,3
BRF:4
BRH:4
end_of_record
TN:
SF:src\lib\game\upgrade-config.ts
FN:30,getUpgradeCost
FN:40,getTotalUpgradeInvestment
FN:126,getUpgradeBonuses
FN:189,getUpgradeDescription
FNF:4
FNH:4
FNDA:9,getUpgradeCost
FNDA:3,getTotalUpgradeInvestment
FNDA:41,getUpgradeBonuses
FNDA:23,getUpgradeDescription
DA:15,2
DA:22,2
DA:31,9
DA:32,3
DA:34,6
DA:41,3
DA:42,3
DA:43,3
DA:45,3
DA:58,2
DA:74,2
DA:90,2
DA:106,2
DA:130,41
DA:132,41
DA:134,12
DA:136,7
DA:138,5
DA:140,17
DA:148,2
DA:190,23
DA:191,23
LF:22
LH:22
BRDA:31,0,0,3
BRDA:31,0,1,6
BRDA:34,1,0,6
BRDA:34,1,1,0
BRDA:43,2,0,3
BRDA:43,2,1,0
BRDA:132,3,0,12
BRDA:132,3,1,7
BRDA:132,3,2,5
BRDA:132,3,3,17
BRDA:191,4,0,23
BRDA:191,4,1,0
BRF:12
BRH:9
end_of_record
TN:
SF:src\lib\game\services\civil-status.ts
FN:75,getIncomeMultiplier
FN:85,getStatusIndex
FN:96,downgradeStatus
FN:112,upgradeStatus
FN:128,shouldDowngradeStatus
FN:177,shouldUpgradeStatus
FN:235,evaluateCivilStatus
FN:247,(anonymous_7)
FN:249,(anonymous_8)
FN:251,(anonymous_9)
FN:253,(anonymous_10)
FN:262,(anonymous_11)
FN:264,(anonymous_12)
FN:266,(anonymous_13)
FN:268,(anonymous_14)
FN:302,logStatusChange
FNF:16
FNH:14
FNDA:49,getIncomeMultiplier
FNDA:15,getStatusIndex
FNDA:9,downgradeStatus
FNDA:6,upgradeStatus
FNDA:55,shouldDowngradeStatus
FNDA:41,shouldUpgradeStatus
FNDA:41,evaluateCivilStatus
FNDA:11,(anonymous_7)
FNDA:5,(anonymous_8)
FNDA:3,(anonymous_9)
FNDA:2,(anonymous_10)
FNDA:6,(anonymous_11)
FNDA:3,(anonymous_12)
FNDA:2,(anonymous_13)
FNDA:0,(anonymous_14)
FNDA:0,logStatusChange
DA:48,2
DA:51,2
DA:54,2
DA:57,2
DA:76,49
DA:86,15
DA:100,9
DA:101,9
DA:102,9
DA:116,6
DA:117,6
DA:118,6
DA:133,55
DA:134,5
DA:138,50
DA:139,39
DA:142,9
DA:146,8
DA:147,4
DA:149,4
DA:153,5
DA:154,3
DA:156,2
DA:160,3
DA:161,2
DA:163,1
DA:167,32
DA:182,41
DA:183,6
DA:187,35
DA:188,21
DA:191,6
DA:192,4
DA:194,2
DA:198,4
DA:199,2
DA:201,2
DA:205,4
DA:209,2
DA:210,1
DA:212,1
DA:216,24
DA:239,41
DA:240,41
DA:243,41
DA:244,9
DA:247,11
DA:248,5
DA:249,5
DA:250,2
DA:251,3
DA:252,1
DA:253,2
DA:254,1
DA:256,32
DA:259,6
DA:262,6
DA:263,3
DA:264,3
DA:265,1
DA:266,2
DA:267,2
DA:268,0
DA:269,0
DA:273,41
DA:274,41
DA:276,41
DA:309,0
DA:310,0
DA:313,0
LF:70
LH:65
BRDA:98,0,0,9
BRDA:114,1,0,6
BRDA:133,2,0,5
BRDA:133,2,1,50
BRDA:139,3,0,9
BRDA:139,3,1,8
BRDA:139,3,2,5
BRDA:139,3,3,3
BRDA:146,4,0,4
BRDA:146,4,1,4
BRDA:146,5,0,8
BRDA:146,5,1,6
BRDA:153,6,0,3
BRDA:153,6,1,2
BRDA:153,7,0,5
BRDA:153,7,1,5
BRDA:160,8,0,2
BRDA:160,8,1,1
BRDA:160,9,0,3
BRDA:160,9,1,3
BRDA:182,10,0,6
BRDA:182,10,1,35
BRDA:188,11,0,6
BRDA:188,11,1,4
BRDA:188,11,2,4
BRDA:188,11,3,2
BRDA:191,12,0,4
BRDA:191,12,1,2
BRDA:191,13,0,6
BRDA:191,13,1,6
BRDA:198,14,0,2
BRDA:198,14,1,2
BRDA:198,15,0,4
BRDA:198,15,1,4
BRDA:209,16,0,1
BRDA:209,16,1,1
BRDA:209,17,0,2
BRDA:209,17,1,2
BRDA:243,18,0,9
BRDA:243,18,1,32
BRDA:247,19,0,5
BRDA:247,19,1,4
BRDA:249,20,0,2
BRDA:249,20,1,2
BRDA:251,21,0,1
BRDA:251,21,1,1
BRDA:253,22,0,1
BRDA:253,22,1,0
BRDA:256,23,0,6
BRDA:256,23,1,26
BRDA:262,24,0,3
BRDA:262,24,1,3
BRDA:264,25,0,1
BRDA:264,25,1,2
BRDA:266,26,0,2
BRDA:266,26,1,0
BRDA:268,27,0,0
BRDA:268,27,1,0
BRDA:309,28,0,0
BRDA:309,28,1,0
BRF:60
BRH:54
end_of_record
TN:
SF:src\lib\game\services\population.ts
FN:44,calculateFoodConsumption
FN:59,calculatePopulationGrowth
FN:99,calculateStarvation
FN:157,processPopulation
FNF:4
FNH:4
FNDA:59,calculateFoodConsumption
FNDA:29,calculatePopulationGrowth
FNDA:21,calculateStarvation
FNDA:34,processPopulation
DA:20,2
DA:23,2
DA:26,2
DA:29,2
DA:45,59
DA:64,29
DA:65,5
DA:68,24
DA:71,24
DA:72,24
DA:73,3
DA:76,21
DA:100,21
DA:101,2
DA:105,19
DA:110,19
DA:118,21
DA:120,21
DA:123,21
DA:124,2
DA:128,19
DA:163,34
DA:166,34
DA:169,34
DA:170,34
DA:177,34
DA:180,9
DA:181,9
DA:185,9
DA:186,25
DA:188,22
DA:192,22
DA:193,22
DA:196,3
DA:197,3
DA:198,3
DA:201,34
LF:37
LH:37
BRDA:64,0,0,5
BRDA:64,0,1,24
BRDA:72,1,0,3
BRDA:72,1,1,21
BRDA:100,2,0,2
BRDA:100,2,1,19
BRDA:100,3,0,21
BRDA:100,3,1,20
BRDA:110,4,0,14
BRDA:110,4,1,5
BRDA:123,5,0,2
BRDA:123,5,1,19
BRDA:123,6,0,21
BRDA:123,6,1,2
BRDA:123,6,2,2
BRDA:128,7,0,0
BRDA:128,7,1,19
BRDA:177,8,0,9
BRDA:177,8,1,25
BRDA:186,9,0,22
BRDA:186,9,1,3
BRF:21
BRH:20
end_of_record
TN:
SF:src\lib\game\services\resource-engine.ts
FN:49,calculateProduction
FN:117,applyIncomeMultiplier
FN:147,calculateMaintenanceCost
FN:172,calculateNetResourceDelta
FN:201,processTurnResources
FNF:5
FNH:5
FNDA:22,calculateProduction
FNDA:14,applyIncomeMultiplier
FNDA:15,calculateMaintenanceCost
FNDA:10,calculateNetResourceDelta
FNDA:8,processTurnResources
DA:25,2
DA:50,22
DA:58,22
DA:59,97
DA:61,97
DA:63,11
DA:64,11
DA:67,7
DA:68,7
DA:71,4
DA:72,4
DA:76,64
DA:77,64
DA:80,5
DA:81,5
DA:89,6
DA:93,22
DA:122,14
DA:123,14
DA:125,14
DA:148,15
DA:176,10
DA:206,8
DA:209,8
DA:215,8
DA:216,8
DA:221,8
LF:27
LH:27
BRDA:61,0,0,11
BRDA:61,0,1,7
BRDA:61,0,2,4
BRDA:61,0,3,59
BRDA:61,0,4,64
BRDA:61,0,5,5
BRDA:61,0,6,3
BRDA:61,0,7,4
BRDA:61,0,8,5
BRDA:61,0,9,6
BRF:10
BRH:10
end_of_record
TN:
SF:src\lib\game\services\unit-service.ts
FN:67,validateBuild
FN:127,isUnitLocked
FN:171,calculateUnitMaintenance
FN:200,calculateTotalMaintenance
FN:229,getRequiredResearchLevel
FN:241,getAvailableUnits
FN:242,(anonymous_6)
FN:251,getLockedUnits
FN:252,(anonymous_8)
FNF:9
FNH:9
FNDA:20,validateBuild
FNDA:14,isUnitLocked
FNDA:10,calculateUnitMaintenance
FNDA:5,calculateTotalMaintenance
FNDA:42,getRequiredResearchLevel
FNDA:3,getAvailableUnits
FNDA:21,(anonymous_6)
FNDA:2,getLockedUnits
FNDA:14,(anonymous_8)
DA:74,20
DA:77,20
DA:78,20
DA:81,20
DA:82,20
DA:83,20
DA:86,20
DA:87,3
DA:91,20
DA:92,2
DA:96,20
DA:97,3
DA:103,20
DA:104,3
DA:109,20
DA:131,14
DA:132,6
DA:138,8
DA:172,10
DA:177,10
DA:179,10
DA:180,70
DA:181,70
DA:182,70
DA:183,70
DA:186,10
DA:210,5
DA:211,5
DA:213,5
DA:230,42
DA:232,6
DA:234,36
DA:242,3
DA:243,21
DA:244,21
DA:252,2
DA:253,14
DA:254,14
LF:38
LH:38
BRDA:86,0,0,3
BRDA:86,0,1,17
BRDA:86,1,0,20
BRDA:86,1,1,7
BRDA:91,2,0,2
BRDA:91,2,1,18
BRDA:96,3,0,3
BRDA:96,3,1,17
BRDA:103,4,0,3
BRDA:103,4,1,17
BRDA:131,5,0,6
BRDA:131,5,1,8
BRDA:131,6,0,14
BRDA:131,6,1,10
BRDA:203,7,0,5
BRDA:230,8,0,6
BRDA:230,8,1,36
BRF:17
BRH:17
end_of_record
